#
# A fatal error has been detected by the Java Runtime Environment:
#
#  EXCEPTION_ACCESS_VIOLATION (0xc0000005) at pc=0x00007ffa8bb87f69, pid=12248, tid=5336
#
# JRE version: OpenJDK Runtime Environment (17.0.10) (build 17.0.10+0--11572160)
# Java VM: OpenJDK 64-Bit Server VM (17.0.10+0--11572160, mixed mode, tiered, compressed oops, compressed class ptrs, g1 gc, windows-amd64)
# Problematic frame:
# V  [jvm.dll+0x2a7f69]
#
# No core dump will be written. Minidumps are not enabled by default on client versions of Windows
#
# If you would like to submit a bug report, please visit:
#   https://bugreport.java.com/bugreport/crash.jsp
#

---------------  S U M M A R Y ------------

Command Line: --add-opens=java.base/java.util=ALL-UNNAMED --add-opens=java.base/java.lang=ALL-UNNAMED --add-opens=java.base/java.lang.invoke=ALL-UNNAMED --add-opens=java.prefs/java.util.prefs=ALL-UNNAMED --add-opens=java.base/java.nio.charset=ALL-UNNAMED --add-opens=java.base/java.net=ALL-UNNAMED --add-opens=java.base/java.util.concurrent.atomic=ALL-UNNAMED -Xmx2048m -Dfile.encoding=UTF-8 -Duser.country=AR -Duser.language=es -Duser.variant -javaagent:C:\Users\famil\.gradle\wrapper\dists\gradle-8.6-all\3mbtmo166bl6vumsh5k2lkq5h\gradle-8.6\lib\agents\gradle-instrumentation-agent-8.6.jar org.gradle.launcher.daemon.bootstrap.GradleDaemon 8.6

Host: 11th Gen Intel(R) Core(TM) i5-11400H @ 2.70GHz, 12 cores, 23G,  Windows 11 , 64 bit Build 22621 (10.0.22621.3672)
Time: Tue Jun 18 13:30:40 2024 Hora estándar de Argentina elapsed time: 1.924313 seconds (0d 0h 0m 1s)

---------------  T H R E A D  ---------------

Current thread (0x000001eede5df1c0):  JavaThread "Daemon worker" [_thread_in_Java, id=5336, stack(0x000000a2bf800000,0x000000a2bf900000)]

Stack: [0x000000a2bf800000,0x000000a2bf900000],  sp=0x000000a2bf8f39c0,  free space=974k
Native frames: (J=compiled Java code, j=interpreted, Vv=VM code, C=native code)
V  [jvm.dll+0x2a7f69]
V  [jvm.dll+0x207bd1]
V  [jvm.dll+0x2d0910]
V  [jvm.dll+0x7ff046]
V  [jvm.dll+0x6e45d5]
C  0x000001eec850b347


[error occurred during error reporting (printing native stack), id 0xc0000005, EXCEPTION_ACCESS_VIOLATION (0xc0000005) at pc=0x00007ffa8bb87f69]

Java frames: (J=compiled Java code, j=interpreted, Vv=VM code)

[error occurred during error reporting (printing Java stack), id 0xc0000005, EXCEPTION_ACCESS_VIOLATION (0xc0000005) at pc=0x00007ffa8bb87f69]


siginfo: EXCEPTION_ACCESS_VIOLATION (0xc0000005), reading address 0x0000000000000010


Registers:
RAX=0x0000000000000000, RBX=0x000001eec851b300, RCX=0x000001eec851b300, RDX=0x00007ffa8c237830
RSP=0x000000a2bf8f39c0, RBP=0x0000000094ba9d48, RSI=0x000001eec850b290, RDI=0x00007ffa8c237830
R8 =0x000001eec850b280, R9 =0x000001eebb9f0000, R10=0x000001eec8410000, R11=0x000001eec8ae8a88
R12=0x0000000000000000, R13=0x0000000000000002, R14=0x0000000000000025, R15=0x000001eede5df1c0
RIP=0x00007ffa8bb87f69, EFLAGS=0x0000000000010206


Register to memory mapping:

RIP=0x00007ffa8bb87f69 jvm.dll
RAX=0x0 is NULL
RBX=0x000001eec851b300 points into unknown readable memory: 0x0000000000000000 | 00 00 00 00 00 00 00 00
RCX=0x000001eec851b300 points into unknown readable memory: 0x0000000000000000 | 00 00 00 00 00 00 00 00
RDX=0x00007ffa8c237830 jvm.dll
RSP=0x000000a2bf8f39c0 is pointing into the stack for thread: 0x000001eede5df1c0
RBP=0x0000000094ba9d48 is an oop: java.lang.Object 
{0x0000000094ba9d48} - klass: 'java/lang/Object'
 - ---- fields (total size 2 words):
RSI=
[error occurred during error reporting (printing register info), id 0xc0000005, EXCEPTION_ACCESS_VIOLATION (0xc0000005) at pc=0x00007ffa8bae3bf9]

Top of Stack: (sp=0x000000a2bf8f39c0)
0x000000a2bf8f39c0:   000001eed94a66d0 000000008077eab0
0x000000a2bf8f39d0:   000001eedd666730 000001eec8a15d5b
0x000000a2bf8f39e0:   000001eede5df1c0 00007ffa8bae7bd1
0x000000a2bf8f39f0:   000001eec850b290 0000000000000000
0x000000a2bf8f3a00:   0000000000000000 00007ffa8bbb15ce
0x000000a2bf8f3a10:   000001eede5df1c0 00007ffa8bbb0910
0x000000a2bf8f3a20:   000000a2bf8f3aa8 0000000094ba9d48
0x000000a2bf8f3a30:   00000000806c2ea0 0000000000000000
0x000000a2bf8f3a40:   000000a2bf8f3aa8 00007ffa8c0df046
0x000000a2bf8f3a50:   0000000000000000 0000000000000000
0x000000a2bf8f3a60:   00000000806c2ea0 0000000094baaff8
0x000000a2bf8f3a70:   000001eec8af087d 00007ffa8bfc45d5
0x000000a2bf8f3a80:   0000000000000048 0000000000000001
0x000000a2bf8f3a90:   000001eede5df1c0 0000000000000000
0x000000a2bf8f3aa0:   000001eec8ae7090 000000a2bf8f4da0
0x000000a2bf8f3ab0:   000001eec850b318 0000000000000000
0x000000a2bf8f3ac0:   0000000000000000 0000000000000000
0x000000a2bf8f3ad0:   000000a2bf8f4da0 00000000000014d8
0x000000a2bf8f3ae0:   0000000000000000 00007ffae878175d
0x000000a2bf8f3af0:   000000a2bf8f3b78 00007ffa8c039c78
0x000000a2bf8f3b00:   0000000000000000 00000000000001ec
0x000000a2bf8f3b10:   000001eebd9ff740 00007ffa8b98c814
0x000000a2bf8f3b20:   000001eedf706ed0 0000000000000002
0x000000a2bf8f3b30:   0000000100000039 00007ffa8bb2040e
0x000000a2bf8f3b40:   000001eed7821960 0000000000000000
0x000000a2bf8f3b50:   000001eedd65fd30 00000000ffffffff
0x000000a2bf8f3b60:   000001eedd65fd30 00007ffa8b98cd81
0x000000a2bf8f3b70:   000001eede5df1c0 000001eede121a80
0x000000a2bf8f3b80:   0000000000000800 0000000000007fd8
0x000000a2bf8f3b90:   000001eede121a80 00007ffaeb3ad68a
0x000000a2bf8f3ba0:   0000000005510002 0000000000000060
0x000000a2bf8f3bb0:   000001eedd90dbc0 000001eed7fcf740 

Instructions: (pc=0x00007ffa8bb87f69)
0x00007ffa8bb87e69:   00 48 8d 15 1f 78 69 00 48 8b cb e8 87 32 3e 00
0x00007ffa8bb87e79:   48 8b 7f 08 48 85 ff 75 8e 48 8b 5c 24 48 48 8b
0x00007ffa8bb87e89:   74 24 50 48 8b 7c 24 58 48 83 c4 30 41 5e c3 cc
0x00007ffa8bb87e99:   cc cc cc cc cc cc cc 48 89 5c 24 08 57 48 83 ec
0x00007ffa8bb87ea9:   20 48 8b 1d f7 11 90 00 48 8b f9 48 85 db 74 08
0x00007ffa8bb87eb9:   48 8b cb e8 ef 12 3b 00 48 8b 05 d8 a3 8e 00 48
0x00007ffa8bb87ec9:   89 47 08 80 3d c5 a3 8e 00 00 48 89 3d c6 a3 8e
0x00007ffa8bb87ed9:   00 74 49 80 7f 11 00 75 43 f6 47 14 04 74 3d 48
0x00007ffa8bb87ee9:   8b 3d 79 11 90 00 48 8b cf 48 85 ff 74 22 e8 b4
0x00007ffa8bb87ef9:   12 3b 00 48 8b 0d 65 11 90 00 c6 05 8f a3 8e 00
0x00007ffa8bb87f09:   01 e8 11 13 3b 00 48 8b cf e8 49 14 3b 00 eb 0c
0x00007ffa8bb87f19:   c6 05 79 a3 8e 00 01 e8 fb 12 3b 00 48 85 db 74
0x00007ffa8bb87f29:   08 48 8b cb e8 2e 14 3b 00 48 8b 5c 24 30 33 c0
0x00007ffa8bb87f39:   48 83 c4 20 5f c3 cc 48 89 5c 24 08 48 89 74 24
0x00007ffa8bb87f49:   10 57 48 83 ec 20 48 8b 59 20 48 8b fa 48 8b f1
0x00007ffa8bb87f59:   48 85 db 74 1e 66 90 48 8b 03 48 8b d7 48 8b cb
0x00007ffa8bb87f69:   ff 50 10 48 83 7f 08 00 75 39 48 8b 5b 08 48 85
0x00007ffa8bb87f79:   db 75 e4 48 8b 5e 18 48 85 db 74 27 66 66 66 0f
0x00007ffa8bb87f89:   1f 84 00 00 00 00 00 48 8b 03 48 8b d7 48 8b cb
0x00007ffa8bb87f99:   ff 50 10 48 83 7f 08 00 75 09 48 8b 5b 08 48 85
0x00007ffa8bb87fa9:   db 75 e4 48 8b 5c 24 30 48 8b 74 24 38 48 83 c4
0x00007ffa8bb87fb9:   20 5f c3 cc cc cc cc 40 53 48 83 ec 20 48 8b d9
0x00007ffa8bb87fc9:   e8 22 00 00 00 48 83 7b 08 00 74 0d 48 8b cb 48
0x00007ffa8bb87fd9:   83 c4 20 5b e9 7e c4 01 00 48 83 c4 20 5b c3 cc
0x00007ffa8bb87fe9:   cc cc cc cc cc cc cc 48 89 5c 24 10 48 89 6c 24
0x00007ffa8bb87ff9:   18 48 89 74 24 20 57 41 54 41 55 41 56 41 57 48
0x00007ffa8bb88009:   81 ec 30 01 00 00 48 8b 05 e2 0a 8b 00 48 33 c4
0x00007ffa8bb88019:   48 89 84 24 20 01 00 00 48 8b b9 38 02 00 00 48
0x00007ffa8bb88029:   8b f1 48 8b d1 48 8d 4c 24 60 4c 8b 77 20 4c 8b
0x00007ffa8bb88039:   7f 28 4c 8b 67 10 4c 8b 6f 18 4c 89 74 24 30 4c
0x00007ffa8bb88049:   89 7c 24 38 e8 4e b3 0a 00 48 8b 1d 0f 10 90 00
0x00007ffa8bb88059:   48 85 db 74 23 48 8b d6 48 8b cb e8 17 11 3b 00 


Stack slot to memory mapping:
stack at sp + 0 slots: {method} {0x000001eed94a66d8} 'transform' '(Ljava/lang/Module;Ljava/lang/ClassLoader;Ljava/lang/String;Ljava/lang/Class;Ljava/security/ProtectionDomain;[BZ)[B' in 'sun/instrument/InstrumentationImpl'
stack at sp + 1 slots: 0x000000008077eab0 is an oop: sun.instrument.InstrumentationImpl 
{0x000000008077eab0} - klass: 'sun/instrument/InstrumentationImpl'
 - ---- fields (total size 4 words):
 - private final 'mEnvironmentSupportsRedefineClasses' 'Z' @12  false
 - private volatile 'mEnvironmentSupportsRetransformClassesKnown' 'Z' @13  false
 - private volatile 'mEnvironmentSupportsRetransformClasses' 'Z' @14  false
 - private final 'mEnvironmentSupportsNativeMethodPrefix' 'Z' @15  false
 - private final 'mNativeAgent' 'J' @16  2124858277424 (bb6c3e30 1ee)
 - private final 'mTransformerManager' 'Lsun/instrument/TransformerManager;' @24  a 'sun/instrument/TransformerManager'{0x00000000807bd208} (807bd208)
 - private 'mRetransfomableTransformerManager' 'Lsun/instrument/TransformerManager;' @28  NULL (0)
stack at sp + 2 slots: 0x000001eedd666730 points into unknown readable memory: 0x000001eed7821960 | 60 19 82 d7 ee 01 00 00
stack at sp + 3 slots: 0x000001eec8a15d5b is at entry_point+187 in (nmethod*)0x000001eec8a15b10
Compiled method (n/a)    1934  834     n 0       java.lang.ClassLoader::defineClass1 (native)
 total in heap  [0x000001eec8a15b10,0x000001eec8a15fe8] = 1240
 relocation     [0x000001eec8a15c68,0x000001eec8a15ca0] = 56
 main code      [0x000001eec8a15ca0,0x000001eec8a15fe8] = 840
stack at sp + 4 slots: 0x000001eede5df1c0 is a thread
stack at sp + 5 slots: 0x00007ffa8bae7bd1 jvm.dll
stack at sp + 6 slots: 
[error occurred during error reporting (inspecting top of stack), id 0xc0000005, EXCEPTION_ACCESS_VIOLATION (0xc0000005) at pc=0x00007ffa8bae3bf9]


[error occurred during error reporting (printing code blobs if possible), id 0xc0000005, EXCEPTION_ACCESS_VIOLATION (0xc0000005) at pc=0x00007ffa8bb87f69]


---------------  P R O C E S S  ---------------

Threads class SMR info:
_java_thread_list=0x000001eee04c8c80, length=34, elements={
0x000001eebda0f690, 0x000001eed7db8ad0, 0x000001eed7db95a0, 0x000001eed7dff210,
0x000001eed7dffae0, 0x000001eed7e0ee20, 0x000001eed7e117f0, 0x000001eed7e124e0,
0x000001eed7e12ee0, 0x000001eed7e138e0, 0x000001eed7f12280, 0x000001eed809f060,
0x000001eed80c7210, 0x000001eed83e9d50, 0x000001eede52af70, 0x000001eeddc47830,
0x000001eede9af6d0, 0x000001eede36d060, 0x000001eede95c690, 0x000001eede5df6d0,
0x000001eede5df1c0, 0x000001eede5dc430, 0x000001eede5dbf20, 0x000001eede5dc940,
0x000001eede5de7a0, 0x000001eede5ddd80, 0x000001eede5dce50, 0x000001eede5de290,
0x000001eede5dd360, 0x000001eede5decb0, 0x000001eedec4d540, 0x000001eedec4c610,
0x000001eedec49d90, 0x000001eedec4df60
}

Java Threads: ( => current thread )
  0x000001eebda0f690 JavaThread "main" [_thread_blocked, id=10840, stack(0x000000a2bd500000,0x000000a2bd600000)]
  0x000001eed7db8ad0 JavaThread "Reference Handler" daemon [_thread_blocked, id=2280, stack(0x000000a2bdc00000,0x000000a2bdd00000)]
  0x000001eed7db95a0 JavaThread "Finalizer" daemon [_thread_blocked, id=6648, stack(0x000000a2bdd00000,0x000000a2bde00000)]
  0x000001eed7dff210 JavaThread "Signal Dispatcher" daemon [_thread_blocked, id=7976, stack(0x000000a2bde00000,0x000000a2bdf00000)]
  0x000001eed7dffae0 JavaThread "Attach Listener" daemon [_thread_blocked, id=1944, stack(0x000000a2bdf00000,0x000000a2be000000)]
  0x000001eed7e0ee20 JavaThread "Service Thread" daemon [_thread_blocked, id=2128, stack(0x000000a2be000000,0x000000a2be100000)]
  0x000001eed7e117f0 JavaThread "Monitor Deflation Thread" daemon [_thread_blocked, id=5568, stack(0x000000a2be100000,0x000000a2be200000)]
  0x000001eed7e124e0 JavaThread "C2 CompilerThread0" daemon [_thread_blocked, id=2492, stack(0x000000a2be200000,0x000000a2be300000)]
  0x000001eed7e12ee0 JavaThread "C1 CompilerThread0" daemon [_thread_blocked, id=8952, stack(0x000000a2be300000,0x000000a2be400000)]
  0x000001eed7e138e0 JavaThread "Sweeper thread" daemon [_thread_blocked, id=10844, stack(0x000000a2be400000,0x000000a2be500000)]
  0x000001eed7f12280 JavaThread "Common-Cleaner" daemon [_thread_blocked, id=8488, stack(0x000000a2be500000,0x000000a2be600000)]
  0x000001eed809f060 JavaThread "Notification Thread" daemon [_thread_blocked, id=2352, stack(0x000000a2be600000,0x000000a2be700000)]
  0x000001eed80c7210 JavaThread "C2 CompilerThread1" daemon [_thread_blocked, id=7448, stack(0x000000a2be800000,0x000000a2be900000)]
  0x000001eed83e9d50 JavaThread "C2 CompilerThread2" daemon [_thread_in_native, id=3276, stack(0x000000a2be900000,0x000000a2bea00000)]
  0x000001eede52af70 JavaThread "Daemon health stats" [_thread_blocked, id=1256, stack(0x000000a2bf200000,0x000000a2bf300000)]
  0x000001eeddc47830 JavaThread "Incoming local TCP Connector on port 49912" [_thread_in_native, id=11020, stack(0x000000a2bf300000,0x000000a2bf400000)]
  0x000001eede9af6d0 JavaThread "Daemon periodic checks" [_thread_blocked, id=2848, stack(0x000000a2bf400000,0x000000a2bf500000)]
  0x000001eede36d060 JavaThread "Daemon" [_thread_blocked, id=11768, stack(0x000000a2bf500000,0x000000a2bf600000)]
  0x000001eede95c690 JavaThread "Handler for socket connection from /127.0.0.1:49912 to /127.0.0.1:49913" [_thread_in_native, id=11912, stack(0x000000a2bf600000,0x000000a2bf700000)]
  0x000001eede5df6d0 JavaThread "Cancel handler" [_thread_blocked, id=10736, stack(0x000000a2bf700000,0x000000a2bf800000)]
=>0x000001eede5df1c0 JavaThread "Daemon worker" [_thread_in_Java, id=5336, stack(0x000000a2bf800000,0x000000a2bf900000)]
  0x000001eede5dc430 JavaThread "Asynchronous log dispatcher for DefaultDaemonConnection: socket connection from /127.0.0.1:49912 to /127.0.0.1:49913" [_thread_blocked, id=11848, stack(0x000000a2bf900000,0x000000a2bfa00000)]
  0x000001eede5dbf20 JavaThread "Stdin handler" [_thread_blocked, id=11832, stack(0x000000a2bfa00000,0x000000a2bfb00000)]
  0x000001eede5dc940 JavaThread "Daemon client event forwarder" [_thread_blocked, id=11344, stack(0x000000a2bfb00000,0x000000a2bfc00000)]
  0x000001eede5de7a0 JavaThread "Cache worker for journal cache (C:\Users\famil\.gradle\caches\journal-1)" [_thread_blocked, id=5900, stack(0x000000a2bff00000,0x000000a2c0000000)]
  0x000001eede5ddd80 JavaThread "File lock request listener" [_thread_in_native, id=12276, stack(0x000000a2c0000000,0x000000a2c0100000)]
  0x000001eede5dce50 JavaThread "Cache worker for file hash cache (C:\Users\famil\.gradle\caches\8.6\fileHashes)" [_thread_blocked, id=2244, stack(0x000000a2c0100000,0x000000a2c0200000)]
  0x000001eede5de290 JavaThread "File watcher server" daemon [_thread_in_native, id=3408, stack(0x000000a2c0200000,0x000000a2c0300000)]
  0x000001eede5dd360 JavaThread "File watcher consumer" daemon [_thread_blocked, id=1400, stack(0x000000a2c0300000,0x000000a2c0400000)]
  0x000001eede5decb0 JavaThread "Cache worker for checksums cache (D:\Desarrollo\2doAno-2doCuatr-Mar24-Jul24\AplicacionesMoviles\weatherapp\.gradle\8.6\checksums)" [_thread_blocked, id=8464, stack(0x000000a2c0400000,0x000000a2c0500000)]
  0x000001eedec4d540 JavaThread "Cache worker for file hash cache (D:\Desarrollo\2doAno-2doCuatr-Mar24-Jul24\AplicacionesMoviles\weatherapp\.gradle\8.6\fileHashes)" [_thread_blocked, id=11292, stack(0x000000a2c0500000,0x000000a2c0600000)]
  0x000001eedec4c610 JavaThread "Cache worker for cache directory md-supplier (C:\Users\famil\.gradle\caches\8.6\md-supplier)" [_thread_blocked, id=11368, stack(0x000000a2c0600000,0x000000a2c0700000)]
  0x000001eedec49d90 JavaThread "Cache worker for cache directory md-rule (C:\Users\famil\.gradle\caches\8.6\md-rule)" [_thread_blocked, id=4760, stack(0x000000a2c0700000,0x000000a2c0800000)]
  0x000001eedec4df60 JavaThread "Cache worker for file content cache (C:\Users\famil\.gradle\caches\8.6\fileContent)" [_thread_blocked, id=8724, stack(0x000000a2c0800000,0x000000a2c0900000)]

Other Threads:
  0x000001eed7dceba0 VMThread "VM Thread" [stack: 0x000000a2bdb00000,0x000000a2bdc00000] [id=1676]
  0x000001eebda10510 WatcherThread [stack: 0x000000a2be700000,0x000000a2be800000] [id=2488]
  0x000001eebda6ae10 GCTaskThread "GC Thread#0" [stack: 0x000000a2bd600000,0x000000a2bd700000] [id=1536]
  0x000001eeddc2a890 GCTaskThread "GC Thread#1" [stack: 0x000000a2bea00000,0x000000a2beb00000] [id=2008]
  0x000001eeddc2ab50 GCTaskThread "GC Thread#2" [stack: 0x000000a2beb00000,0x000000a2bec00000] [id=2976]
  0x000001eed8576e60 GCTaskThread "GC Thread#3" [stack: 0x000000a2bec00000,0x000000a2bed00000] [id=2580]
  0x000001eed8577120 GCTaskThread "GC Thread#4" [stack: 0x000000a2bed00000,0x000000a2bee00000] [id=3052]
  0x000001eed84c49f0 GCTaskThread "GC Thread#5" [stack: 0x000000a2bee00000,0x000000a2bef00000] [id=2876]
  0x000001eedd1acd00 GCTaskThread "GC Thread#6" [stack: 0x000000a2bef00000,0x000000a2bf000000] [id=2588]
  0x000001eedd1ae300 GCTaskThread "GC Thread#7" [stack: 0x000000a2bf000000,0x000000a2bf100000] [id=2168]
  0x000001eedd1acfc0 GCTaskThread "GC Thread#8" [stack: 0x000000a2bf100000,0x000000a2bf200000] [id=2336]
  0x000001eedd1add80 GCTaskThread "GC Thread#9" [stack: 0x000000a2bfc00000,0x000000a2bfd00000] [id=12232]
  0x000001eebda7bd60 ConcurrentGCThread "G1 Main Marker" [stack: 0x000000a2bd700000,0x000000a2bd800000] [id=4516]
  0x000001eebda7c780 ConcurrentGCThread "G1 Conc#0" [stack: 0x000000a2bd800000,0x000000a2bd900000] [id=2196]
  0x000001eedd1aca40 ConcurrentGCThread "G1 Conc#1" [stack: 0x000000a2bfd00000,0x000000a2bfe00000] [id=9864]
  0x000001eedd1ad800 ConcurrentGCThread "G1 Conc#2" [stack: 0x000000a2bfe00000,0x000000a2bff00000] [id=6700]
  0x000001eebdabe400 ConcurrentGCThread "G1 Refine#0" [stack: 0x000000a2bd900000,0x000000a2bda00000] [id=2020]
  0x000001eee138acb0 ConcurrentGCThread "G1 Refine#1" [stack: 0x000000a2c0900000,0x000000a2c0a00000] [id=1800]
  0x000001eed77ce100 ConcurrentGCThread "G1 Service" [stack: 0x000000a2bda00000,0x000000a2bdb00000] [id=2532]

Threads with active compile tasks:
C2 CompilerThread2     1935 2899       4       org.objectweb.asm.Frame::execute (2318 bytes)

VM state: not at safepoint (normal execution)

VM Mutex/Monitor currently owned by a thread: None

Heap address: 0x0000000080000000, size: 2048 MB, Compressed Oops mode: 32-bit

CDS archive(s) not mapped
Compressed class space mapped at: 0x0000000100000000-0x0000000140000000, reserved size: 1073741824
Narrow klass base: 0x0000000000000000, Narrow klass shift: 3, Narrow klass range: 0x140000000

GC Precious Log:
 CPUs: 12 total, 12 available
 Memory: 24339M
 Large Page Support: Disabled
 NUMA Support: Disabled
 Compressed Oops: Enabled (32-bit)
 Heap Region Size: 1M
 Heap Min Capacity: 8M
 Heap Initial Capacity: 382M
 Heap Max Capacity: 2G
 Pre-touch: Disabled
 Parallel Workers: 10
 Concurrent Workers: 3
 Concurrent Refinement Workers: 10
 Periodic GC: Disabled

Heap:
 garbage-first heap   total 71680K, used 24129K [0x0000000080000000, 0x0000000100000000)
  region size 1024K, 5 young (5120K), 3 survivors (3072K)
 Metaspace       used 35122K, committed 35456K, reserved 1114112K
  class space    used 4814K, committed 4992K, reserved 1048576K

Heap Regions: E=young(eden), S=young(survivor), O=old, HS=humongous(starts), HC=humongous(continues), CS=collection set, F=free, OA=open archive, CA=closed archive, TAMS=top-at-mark-start (previous, next)
|   0|0x0000000080000000, 0x0000000080100000, 0x0000000080100000|100%|HS|  |TAMS 0x0000000080100000, 0x0000000080000000| Complete 
|   1|0x0000000080100000, 0x0000000080200000, 0x0000000080200000|100%|HC|  |TAMS 0x0000000080200000, 0x0000000080100000| Complete 
|   2|0x0000000080200000, 0x0000000080300000, 0x0000000080300000|100%|HC|  |TAMS 0x0000000080300000, 0x0000000080200000| Complete 
|   3|0x0000000080300000, 0x0000000080400000, 0x0000000080400000|100%|HC|  |TAMS 0x0000000080400000, 0x0000000080300000| Complete 
|   4|0x0000000080400000, 0x0000000080500000, 0x0000000080500000|100%| O|  |TAMS 0x0000000080500000, 0x0000000080400000| Untracked 
|   5|0x0000000080500000, 0x0000000080600000, 0x0000000080600000|100%| O|  |TAMS 0x0000000080600000, 0x0000000080500000| Untracked 
|   6|0x0000000080600000, 0x0000000080700000, 0x0000000080700000|100%| O|  |TAMS 0x0000000080700000, 0x0000000080600000| Untracked 
|   7|0x0000000080700000, 0x0000000080800000, 0x0000000080800000|100%| O|  |TAMS 0x0000000080800000, 0x0000000080700000| Untracked 
|   8|0x0000000080800000, 0x0000000080900000, 0x0000000080900000|100%| O|  |TAMS 0x0000000080900000, 0x0000000080800000| Untracked 
|   9|0x0000000080900000, 0x0000000080a00000, 0x0000000080a00000|100%| O|  |TAMS 0x0000000080a00000, 0x0000000080900000| Untracked 
|  10|0x0000000080a00000, 0x0000000080a50400, 0x0000000080b00000| 31%| O|  |TAMS 0x0000000080a50400, 0x0000000080a00000| Untracked 
|  11|0x0000000080b00000, 0x0000000080c00000, 0x0000000080c00000|100%| O|  |TAMS 0x0000000080b00000, 0x0000000080b00000| Untracked 
|  12|0x0000000080c00000, 0x0000000080d00000, 0x0000000080d00000|100%| O|  |TAMS 0x0000000080c00000, 0x0000000080c00000| Untracked 
|  13|0x0000000080d00000, 0x0000000080e00000, 0x0000000080e00000|100%| O|  |TAMS 0x0000000080d00000, 0x0000000080d00000| Untracked 
|  14|0x0000000080e00000, 0x0000000080e40200, 0x0000000080f00000| 25%| O|  |TAMS 0x0000000080e00000, 0x0000000080e00000| Untracked 
|  15|0x0000000080f00000, 0x0000000080f00000, 0x0000000081000000|  0%| F|  |TAMS 0x0000000080f00000, 0x0000000080f00000| Untracked 
|  16|0x0000000081000000, 0x0000000081000000, 0x0000000081100000|  0%| F|  |TAMS 0x0000000081000000, 0x0000000081000000| Untracked 
|  17|0x0000000081100000, 0x0000000081100000, 0x0000000081200000|  0%| F|  |TAMS 0x0000000081100000, 0x0000000081100000| Untracked 
|  18|0x0000000081200000, 0x0000000081200000, 0x0000000081300000|  0%| F|  |TAMS 0x0000000081200000, 0x0000000081200000| Untracked 
|  19|0x0000000081300000, 0x0000000081300000, 0x0000000081400000|  0%| F|  |TAMS 0x0000000081300000, 0x0000000081300000| Untracked 
|  20|0x0000000081400000, 0x0000000081400000, 0x0000000081500000|  0%| F|  |TAMS 0x0000000081400000, 0x0000000081400000| Untracked 
|  21|0x0000000081500000, 0x0000000081500000, 0x0000000081600000|  0%| F|  |TAMS 0x0000000081500000, 0x0000000081500000| Untracked 
|  22|0x0000000081600000, 0x0000000081600000, 0x0000000081700000|  0%| F|  |TAMS 0x0000000081600000, 0x0000000081600000| Untracked 
|  23|0x0000000081700000, 0x0000000081800000, 0x0000000081800000|100%| O|  |TAMS 0x0000000081700000, 0x0000000081700000| Untracked 
|  24|0x0000000081800000, 0x0000000081900000, 0x0000000081900000|100%| O|  |TAMS 0x0000000081800000, 0x0000000081800000| Untracked 
|  25|0x0000000081900000, 0x0000000081a00000, 0x0000000081a00000|100%| O|  |TAMS 0x0000000081900000, 0x0000000081900000| Untracked 
|  26|0x0000000081a00000, 0x0000000081b00000, 0x0000000081b00000|100%| O|  |TAMS 0x0000000081a00000, 0x0000000081a00000| Untracked 
|  27|0x0000000081b00000, 0x0000000081c00000, 0x0000000081c00000|100%| O|  |TAMS 0x0000000081b00000, 0x0000000081b00000| Untracked 
|  28|0x0000000081c00000, 0x0000000081d00000, 0x0000000081d00000|100%| O|  |TAMS 0x0000000081c00000, 0x0000000081c00000| Untracked 
|  29|0x0000000081d00000, 0x0000000081e00000, 0x0000000081e00000|100%| O|  |TAMS 0x0000000081d00000, 0x0000000081d00000| Untracked 
|  30|0x0000000081e00000, 0x0000000081e00000, 0x0000000081f00000|  0%| F|  |TAMS 0x0000000081e00000, 0x0000000081e00000| Untracked 
|  31|0x0000000081f00000, 0x0000000081f00000, 0x0000000082000000|  0%| F|  |TAMS 0x0000000081f00000, 0x0000000081f00000| Untracked 
|  32|0x0000000082000000, 0x0000000082000000, 0x0000000082100000|  0%| F|  |TAMS 0x0000000082000000, 0x0000000082000000| Untracked 
|  33|0x0000000082100000, 0x0000000082100000, 0x0000000082200000|  0%| F|  |TAMS 0x0000000082100000, 0x0000000082100000| Untracked 
|  34|0x0000000082200000, 0x0000000082300000, 0x0000000082300000|100%| S|CS|TAMS 0x0000000082200000, 0x0000000082200000| Complete 
|  35|0x0000000082300000, 0x0000000082400000, 0x0000000082400000|100%| S|CS|TAMS 0x0000000082300000, 0x0000000082300000| Complete 
|  36|0x0000000082400000, 0x0000000082500000, 0x0000000082500000|100%| S|CS|TAMS 0x0000000082400000, 0x0000000082400000| Complete 
|  37|0x0000000082500000, 0x0000000082500000, 0x0000000082600000|  0%| F|  |TAMS 0x0000000082500000, 0x0000000082500000| Untracked 
|  38|0x0000000082600000, 0x0000000082600000, 0x0000000082700000|  0%| F|  |TAMS 0x0000000082600000, 0x0000000082600000| Untracked 
|  39|0x0000000082700000, 0x0000000082700000, 0x0000000082800000|  0%| F|  |TAMS 0x0000000082700000, 0x0000000082700000| Untracked 
|  40|0x0000000082800000, 0x0000000082800000, 0x0000000082900000|  0%| F|  |TAMS 0x0000000082800000, 0x0000000082800000| Untracked 
|  41|0x0000000082900000, 0x0000000082900000, 0x0000000082a00000|  0%| F|  |TAMS 0x0000000082900000, 0x0000000082900000| Untracked 
|  42|0x0000000082a00000, 0x0000000082a00000, 0x0000000082b00000|  0%| F|  |TAMS 0x0000000082a00000, 0x0000000082a00000| Untracked 
|  43|0x0000000082b00000, 0x0000000082b00000, 0x0000000082c00000|  0%| F|  |TAMS 0x0000000082b00000, 0x0000000082b00000| Untracked 
|  44|0x0000000082c00000, 0x0000000082c00000, 0x0000000082d00000|  0%| F|  |TAMS 0x0000000082c00000, 0x0000000082c00000| Untracked 
|  45|0x0000000082d00000, 0x0000000082d00000, 0x0000000082e00000|  0%| F|  |TAMS 0x0000000082d00000, 0x0000000082d00000| Untracked 
|  46|0x0000000082e00000, 0x0000000082e00000, 0x0000000082f00000|  0%| F|  |TAMS 0x0000000082e00000, 0x0000000082e00000| Untracked 
|  47|0x0000000082f00000, 0x0000000082f00000, 0x0000000083000000|  0%| F|  |TAMS 0x0000000082f00000, 0x0000000082f00000| Untracked 
|  48|0x0000000083000000, 0x0000000083000000, 0x0000000083100000|  0%| F|  |TAMS 0x0000000083000000, 0x0000000083000000| Untracked 
|  49|0x0000000083100000, 0x0000000083100000, 0x0000000083200000|  0%| F|  |TAMS 0x0000000083100000, 0x0000000083100000| Untracked 
|  50|0x0000000083200000, 0x0000000083200000, 0x0000000083300000|  0%| F|  |TAMS 0x0000000083200000, 0x0000000083200000| Untracked 
|  51|0x0000000083300000, 0x0000000083300000, 0x0000000083400000|  0%| F|  |TAMS 0x0000000083300000, 0x0000000083300000| Untracked 
|  52|0x0000000083400000, 0x0000000083400000, 0x0000000083500000|  0%| F|  |TAMS 0x0000000083400000, 0x0000000083400000| Untracked 
|  53|0x0000000083500000, 0x0000000083500000, 0x0000000083600000|  0%| F|  |TAMS 0x0000000083500000, 0x0000000083500000| Untracked 
|  54|0x0000000083600000, 0x0000000083600000, 0x0000000083700000|  0%| F|  |TAMS 0x0000000083600000, 0x0000000083600000| Untracked 
|  55|0x0000000083700000, 0x0000000083700000, 0x0000000083800000|  0%| F|  |TAMS 0x0000000083700000, 0x0000000083700000| Untracked 
|  56|0x0000000083800000, 0x0000000083800000, 0x0000000083900000|  0%| F|  |TAMS 0x0000000083800000, 0x0000000083800000| Untracked 
|  57|0x0000000083900000, 0x0000000083900000, 0x0000000083a00000|  0%| F|  |TAMS 0x0000000083900000, 0x0000000083900000| Untracked 
|  58|0x0000000083a00000, 0x0000000083a00000, 0x0000000083b00000|  0%| F|  |TAMS 0x0000000083a00000, 0x0000000083a00000| Untracked 
|  59|0x0000000083b00000, 0x0000000083b00000, 0x0000000083c00000|  0%| F|  |TAMS 0x0000000083b00000, 0x0000000083b00000| Untracked 
| 323|0x0000000094300000, 0x0000000094300000, 0x0000000094400000|  0%| F|  |TAMS 0x0000000094300000, 0x0000000094300000| Untracked 
| 324|0x0000000094400000, 0x0000000094400000, 0x0000000094500000|  0%| F|  |TAMS 0x0000000094400000, 0x0000000094400000| Untracked 
| 325|0x0000000094500000, 0x0000000094500000, 0x0000000094600000|  0%| F|  |TAMS 0x0000000094500000, 0x0000000094500000| Untracked 
| 326|0x0000000094600000, 0x0000000094600000, 0x0000000094700000|  0%| F|  |TAMS 0x0000000094600000, 0x0000000094600000| Untracked 
| 327|0x0000000094700000, 0x0000000094700000, 0x0000000094800000|  0%| F|  |TAMS 0x0000000094700000, 0x0000000094700000| Untracked 
| 328|0x0000000094800000, 0x0000000094800000, 0x0000000094900000|  0%| F|  |TAMS 0x0000000094800000, 0x0000000094800000| Untracked 
| 329|0x0000000094900000, 0x0000000094900000, 0x0000000094a00000|  0%| F|  |TAMS 0x0000000094900000, 0x0000000094900000| Untracked 
| 330|0x0000000094a00000, 0x0000000094a00000, 0x0000000094b00000|  0%| F|  |TAMS 0x0000000094a00000, 0x0000000094a00000| Untracked 
| 331|0x0000000094b00000, 0x0000000094be52e8, 0x0000000094c00000| 89%| E|  |TAMS 0x0000000094b00000, 0x0000000094b00000| Complete 
| 381|0x0000000097d00000, 0x0000000097e00000, 0x0000000097e00000|100%| E|  |TAMS 0x0000000097d00000, 0x0000000097d00000| Complete 

Card table byte_map: [0x000001eed0830000,0x000001eed0c30000] _byte_map_base: 0x000001eed0430000

Marking Bits (Prev, Next): (CMBitMap*) 0x000001eebda6b470, (CMBitMap*) 0x000001eebda6b430
 Prev Bits: [0x000001eed3030000, 0x000001eed5030000)
 Next Bits: [0x000001eed1030000, 0x000001eed3030000)

Polling page: 0x000001eebb9d0000

Metaspace:

Usage:
  Non-class:     29.60 MB used.
      Class:      4.70 MB used.
       Both:     34.30 MB used.

Virtual space:
  Non-class space:       64.00 MB reserved,      29.75 MB ( 46%) committed,  1 nodes.
      Class space:        1.00 GB reserved,       4.88 MB ( <1%) committed,  1 nodes.
             Both:        1.06 GB reserved,      34.62 MB (  3%) committed. 

Chunk freelists:
   Non-Class:  1.95 MB
       Class:  11.17 MB
        Both:  13.12 MB

MaxMetaspaceSize: unlimited
CompressedClassSpaceSize: 1.00 GB
Initial GC threshold: 21.00 MB
Current GC threshold: 35.12 MB
CDS: off
MetaspaceReclaimPolicy: balanced
 - commit_granule_bytes: 65536.
 - commit_granule_words: 8192.
 - virtual_space_node_default_size: 8388608.
 - enlarge_chunks_in_place: 1.
 - new_chunks_are_fully_committed: 0.
 - uncommit_free_chunks: 1.
 - use_allocation_guard: 0.
 - handle_deallocations: 1.


Internal statistics:

num_allocs_failed_limit: 3.
num_arena_births: 270.
num_arena_deaths: 0.
num_vsnodes_births: 2.
num_vsnodes_deaths: 0.
num_space_committed: 554.
num_space_uncommitted: 0.
num_chunks_returned_to_freelist: 3.
num_chunks_taken_from_freelist: 1269.
num_chunk_merges: 3.
num_chunk_splits: 824.
num_chunks_enlarged: 593.
num_inconsistent_stats: 0.

CodeHeap 'non-profiled nmethods': size=120000Kb used=1796Kb max_used=1796Kb free=118203Kb
 bounds [0x000001eec89b0000, 0x000001eec8c20000, 0x000001eecfee0000]
CodeHeap 'profiled nmethods': size=120000Kb used=6122Kb max_used=6122Kb free=113877Kb
 bounds [0x000001eec0ee0000, 0x000001eec14e0000, 0x000001eec8410000]
CodeHeap 'non-nmethods': size=5760Kb used=1255Kb max_used=1299Kb free=4504Kb
 bounds [0x000001eec8410000, 0x000001eec8680000, 0x000001eec89b0000]
 total_blobs=3496 nmethods=2942 adapters=466
 compilation: enabled
              stopped_count=0, restarted_count=0
 full_count=0

Compilation events (20 events):
Event: 1.895 Thread 0x000001eed7e12ee0 nmethod 2919 0x000001eec14d8510 code [0x000001eec14d86c0, 0x000001eec14d88d8]
Event: 1.895 Thread 0x000001eed7e12ee0 2920       3       java.util.stream.MatchOps$MatchOp::<init> (20 bytes)
Event: 1.895 Thread 0x000001eed7e12ee0 nmethod 2920 0x000001eec14d8990 code [0x000001eec14d8b40, 0x000001eec14d8db8]
Event: 1.895 Thread 0x000001eed7e12ee0 2922       1       org.gradle.internal.instantiation.generator.AbstractClassGenerator$PropertyMetadata::getOverridableSetters (5 bytes)
Event: 1.895 Thread 0x000001eed7e12ee0 nmethod 2922 0x000001eec8b61b90 code [0x000001eec8b61d20, 0x000001eec8b61df8]
Event: 1.895 Thread 0x000001eed7e12ee0 2925       1       org.gradle.internal.instantiation.generator.AsmBackedClassGenerator$ClassBuilderImpl::access$3400 (5 bytes)
Event: 1.895 Thread 0x000001eed7e12ee0 nmethod 2925 0x000001eec8b61e90 code [0x000001eec8b62020, 0x000001eec8b620d8]
Event: 1.895 Thread 0x000001eed7e12ee0 2926       1       com.google.common.collect.AbstractMapBasedMultimap::access$000 (5 bytes)
Event: 1.895 Thread 0x000001eed7e12ee0 nmethod 2926 0x000001eec8b62190 code [0x000001eec8b62320, 0x000001eec8b623d8]
Event: 1.900 Thread 0x000001eed7e12ee0 2929       1       java.util.stream.ReferencePipeline$StatelessOp::opIsStateful (2 bytes)
Event: 1.900 Thread 0x000001eed7e12ee0 nmethod 2929 0x000001eec8b62490 code [0x000001eec8b62620, 0x000001eec8b626f8]
Event: 1.901 Thread 0x000001eed7e12ee0 2930       3       java.lang.Class::privateGetDeclaredFields (64 bytes)
Event: 1.901 Thread 0x000001eed7e12ee0 nmethod 2930 0x000001eec14d8e90 code [0x000001eec14d90c0, 0x000001eec14d9898]
Event: 1.902 Thread 0x000001eed7e124e0 2931       4       org.objectweb.asm.SymbolTable::addConstantUtf8 (98 bytes)
Event: 1.904 Thread 0x000001eed7e12ee0 2940       3       sun.invoke.util.Wrapper::isDoubleWord (15 bytes)
Event: 1.904 Thread 0x000001eed7e12ee0 nmethod 2940 0x000001eec14d9b10 code [0x000001eec14d9ca0, 0x000001eec14d9e18]
Event: 1.904 Thread 0x000001eed7e12ee0 2941       3       java.util.ImmutableCollections$AbstractImmutableList::<init> (5 bytes)
Event: 1.904 Thread 0x000001eed7e12ee0 nmethod 2941 0x000001eec14d9e90 code [0x000001eec14da040, 0x000001eec14da278]
Event: 1.906 Thread 0x000001eed7e12ee0 2942       3       java.lang.invoke.LambdaForm$DMH/0x00000001002a5c00::invokeStatic (31 bytes)
Event: 1.906 Thread 0x000001eed7e12ee0 nmethod 2942 0x000001eec14da390 code [0x000001eec14da560, 0x000001eec14da9b8]

GC Heap History (12 events):
Event: 0.369 GC heap before
{Heap before GC invocations=0 (full 0):
 garbage-first heap   total 391168K, used 26624K [0x0000000080000000, 0x0000000100000000)
  region size 1024K, 23 young (23552K), 0 survivors (0K)
 Metaspace       used 10477K, committed 10624K, reserved 1114112K
  class space    used 1091K, committed 1152K, reserved 1048576K
}
Event: 0.371 GC heap after
{Heap after GC invocations=1 (full 0):
 garbage-first heap   total 391168K, used 10675K [0x0000000080000000, 0x0000000100000000)
  region size 1024K, 3 young (3072K), 3 survivors (3072K)
 Metaspace       used 10477K, committed 10624K, reserved 1114112K
  class space    used 1091K, committed 1152K, reserved 1048576K
}
Event: 0.594 GC heap before
{Heap before GC invocations=1 (full 0):
 garbage-first heap   total 391168K, used 39347K [0x0000000080000000, 0x0000000100000000)
  region size 1024K, 31 young (31744K), 3 survivors (3072K)
 Metaspace       used 11441K, committed 11648K, reserved 1114112K
  class space    used 1198K, committed 1280K, reserved 1048576K
}
Event: 0.595 GC heap after
{Heap after GC invocations=2 (full 0):
 garbage-first heap   total 391168K, used 11248K [0x0000000080000000, 0x0000000100000000)
  region size 1024K, 1 young (1024K), 1 survivors (1024K)
 Metaspace       used 11441K, committed 11648K, reserved 1114112K
  class space    used 1198K, committed 1280K, reserved 1048576K
}
Event: 1.096 GC heap before
{Heap before GC invocations=2 (full 0):
 garbage-first heap   total 391168K, used 61424K [0x0000000080000000, 0x0000000100000000)
  region size 1024K, 50 young (51200K), 1 survivors (1024K)
 Metaspace       used 21286K, committed 21504K, reserved 1114112K
  class space    used 2505K, committed 2624K, reserved 1048576K
}
Event: 1.100 GC heap after
{Heap after GC invocations=3 (full 0):
 garbage-first heap   total 391168K, used 19526K [0x0000000080000000, 0x0000000100000000)
  region size 1024K, 9 young (9216K), 9 survivors (9216K)
 Metaspace       used 21286K, committed 21504K, reserved 1114112K
  class space    used 2505K, committed 2624K, reserved 1048576K
}
Event: 1.433 GC heap before
{Heap before GC invocations=4 (full 0):
 garbage-first heap   total 71680K, used 56390K [0x0000000080000000, 0x0000000100000000)
  region size 1024K, 47 young (48128K), 9 survivors (9216K)
 Metaspace       used 27107K, committed 27392K, reserved 1114112K
  class space    used 3518K, committed 3648K, reserved 1048576K
}
Event: 1.437 GC heap after
{Heap after GC invocations=5 (full 0):
 garbage-first heap   total 71680K, used 21194K [0x0000000080000000, 0x0000000100000000)
  region size 1024K, 11 young (11264K), 11 survivors (11264K)
 Metaspace       used 27107K, committed 27392K, reserved 1114112K
  class space    used 3518K, committed 3648K, reserved 1048576K
}
Event: 1.671 GC heap before
{Heap before GC invocations=5 (full 0):
 garbage-first heap   total 71680K, used 48842K [0x0000000080000000, 0x0000000100000000)
  region size 1024K, 39 young (39936K), 11 survivors (11264K)
 Metaspace       used 30919K, committed 31168K, reserved 1114112K
  class space    used 4135K, committed 4224K, reserved 1048576K
}
Event: 1.675 GC heap after
{Heap after GC invocations=6 (full 0):
 garbage-first heap   total 71680K, used 22749K [0x0000000080000000, 0x0000000100000000)
  region size 1024K, 4 young (4096K), 4 survivors (4096K)
 Metaspace       used 30919K, committed 31168K, reserved 1114112K
  class space    used 4135K, committed 4224K, reserved 1048576K
}
Event: 1.895 GC heap before
{Heap before GC invocations=6 (full 0):
 garbage-first heap   total 71680K, used 51421K [0x0000000080000000, 0x0000000100000000)
  region size 1024K, 33 young (33792K), 4 survivors (4096K)
 Metaspace       used 34771K, committed 35072K, reserved 1114112K
  class space    used 4762K, committed 4928K, reserved 1048576K
}
Event: 1.898 GC heap after
{Heap after GC invocations=7 (full 0):
 garbage-first heap   total 71680K, used 24129K [0x0000000080000000, 0x0000000100000000)
  region size 1024K, 3 young (3072K), 3 survivors (3072K)
 Metaspace       used 34771K, committed 35072K, reserved 1114112K
  class space    used 4762K, committed 4928K, reserved 1048576K
}

Dll operation events (3 events):
Event: 0.004 Loaded shared library C:\Program Files\Android\Android Studio\jbr\bin\java.dll
Event: 0.077 Loaded shared library C:\Program Files\Android\Android Studio\jbr\bin\zip.dll
Event: 0.236 Loaded shared library C:\Program Files\Android\Android Studio\jbr\bin\verify.dll

Deoptimization events (20 events):
Event: 1.638 Thread 0x000001eede5df1c0 Uncommon trap: trap_request=0xffffff45 fr.pc=0x000001eec8a3e948 relative=0x00000000000005a8
Event: 1.638 Thread 0x000001eede5df1c0 Uncommon trap: reason=unstable_if action=reinterpret pc=0x000001eec8a3e948 method=java.util.Properties$LineReader.readLine()I @ 95 c2
Event: 1.638 Thread 0x000001eede5df1c0 DEOPT PACKING pc=0x000001eec8a3e948 sp=0x000000a2bf8fb4f0
Event: 1.638 Thread 0x000001eede5df1c0 DEOPT UNPACKING pc=0x000001eec846a1a3 sp=0x000000a2bf8fb4a0 mode 2
Event: 1.661 Thread 0x000001eede5df1c0 DEOPT PACKING pc=0x000001eec12e7b71 sp=0x000000a2bf8f9bf0
Event: 1.661 Thread 0x000001eede5df1c0 DEOPT UNPACKING pc=0x000001eec846ace3 sp=0x000000a2bf8f9100 mode 0
Event: 1.710 Thread 0x000001eede5df1c0 DEOPT PACKING pc=0x000001eec1212708 sp=0x000000a2bf8f3e00
Event: 1.710 Thread 0x000001eede5df1c0 DEOPT UNPACKING pc=0x000001eec846ace3 sp=0x000000a2bf8f3308 mode 0
Event: 1.742 Thread 0x000001eede5df1c0 Uncommon trap: trap_request=0xffffff45 fr.pc=0x000001eec8a1676c relative=0x00000000000005ac
Event: 1.742 Thread 0x000001eede5df1c0 Uncommon trap: reason=unstable_if action=reinterpret pc=0x000001eec8a1676c method=java.util.HashMap.hash(Ljava/lang/Object;)I @ 1 c2
Event: 1.742 Thread 0x000001eede5df1c0 DEOPT PACKING pc=0x000001eec8a1676c sp=0x000000a2bf8f6950
Event: 1.742 Thread 0x000001eede5df1c0 DEOPT UNPACKING pc=0x000001eec846a1a3 sp=0x000000a2bf8f67f8 mode 2
Event: 1.863 Thread 0x000001eede5df1c0 Uncommon trap: trap_request=0xffffffc6 fr.pc=0x000001eec8b4d388 relative=0x00000000000001c8
Event: 1.863 Thread 0x000001eede5df1c0 Uncommon trap: reason=bimorphic_or_optimized_type_check action=maybe_recompile pc=0x000001eec8b4d388 method=java.util.regex.Pattern$BmpCharProperty.match(Ljava/util/regex/Matcher;ILjava/lang/CharSequence;)Z @ 19 c2
Event: 1.863 Thread 0x000001eede5df1c0 DEOPT PACKING pc=0x000001eec8b4d388 sp=0x000000a2bf8f8730
Event: 1.863 Thread 0x000001eede5df1c0 DEOPT UNPACKING pc=0x000001eec846a1a3 sp=0x000000a2bf8f86c8 mode 2
Event: 1.863 Thread 0x000001eede5df1c0 Uncommon trap: trap_request=0xffffffc6 fr.pc=0x000001eec8b4d388 relative=0x00000000000001c8
Event: 1.863 Thread 0x000001eede5df1c0 Uncommon trap: reason=bimorphic_or_optimized_type_check action=maybe_recompile pc=0x000001eec8b4d388 method=java.util.regex.Pattern$BmpCharProperty.match(Ljava/util/regex/Matcher;ILjava/lang/CharSequence;)Z @ 19 c2
Event: 1.863 Thread 0x000001eede5df1c0 DEOPT PACKING pc=0x000001eec8b4d388 sp=0x000000a2bf8f8730
Event: 1.863 Thread 0x000001eede5df1c0 DEOPT UNPACKING pc=0x000001eec846a1a3 sp=0x000000a2bf8f86c8 mode 2

Classes unloaded (0 events):
No events

Classes redefined (0 events):
No events

Internal exceptions (20 events):
Event: 1.267 Thread 0x000001eede5df1c0 Exception <a 'java/lang/NoSuchMethodError'{0x0000000082ac3618}: 'java.lang.Object java.lang.invoke.Invokers$Holder.invokeExact_MT(java.lang.Object, java.lang.Object, java.lang.Object, java.lang.Object, java.lang.Object, java.lang.Object)'> (0x0000000082ac3618) 
thrown [s\src\hotspot\share\interpreter\linkResolver.cpp, line 771]
Event: 1.294 Thread 0x000001eede5df1c0 Exception <a 'java/lang/IncompatibleClassChangeError'{0x00000000827a8950}: Found class java.lang.Object, but interface was expected> (0x00000000827a8950) 
thrown [s\src\hotspot\share\interpreter\linkResolver.cpp, line 838]
Event: 1.475 Thread 0x000001eede5df1c0 Exception <a 'java/lang/NoSuchMethodError'{0x0000000094731db8}: 'java.lang.Object java.lang.invoke.DirectMethodHandle$Holder.invokeVirtual(java.lang.Object, java.lang.Object, java.lang.Object, java.lang.Object)'> (0x0000000094731db8) 
thrown [s\src\hotspot\share\interpreter\linkResolver.cpp, line 771]
Event: 1.489 Thread 0x000001eede5df1c0 Exception <a 'java/lang/NoSuchMethodError'{0x00000000946ab928}: 'java.lang.Object java.lang.invoke.DirectMethodHandle$Holder.newInvokeSpecial(java.lang.Object, java.lang.Object, java.lang.Object, java.lang.Object, java.lang.Object, java.lang.Object, java.lang.Object)'> (0x00000000946ab928) 
thrown [s\src\hotspot\share\interpreter\linkResolver.cpp, line 771]
Event: 1.489 Thread 0x000001eede5df1c0 Exception <a 'java/lang/NoSuchMethodError'{0x00000000946b05f8}: 'java.lang.Object java.lang.invoke.Invokers$Holder.linkToTargetMethod(java.lang.Object, java.lang.Object, java.lang.Object, java.lang.Object, java.lang.Object, java.lang.Object, java.lang.Object)'> (0x00000000946b05f8) 
thrown [s\src\hotspot\share\interpreter\linkResolver.cpp, line 771]
Event: 1.624 Thread 0x000001eede5df1c0 Exception <a 'java/lang/NoSuchMethodError'{0x000000008309b998}: 'void java.lang.invoke.DirectMethodHandle$Holder.invokeStatic(java.lang.Object, java.lang.Object, java.lang.Object, java.lang.Object)'> (0x000000008309b998) 
thrown [s\src\hotspot\share\interpreter\linkResolver.cpp, line 771]
Event: 1.625 Thread 0x000001eede5df1c0 Exception <a 'java/lang/NoSuchMethodError'{0x00000000830c8408}: 'int java.lang.invoke.DirectMethodHandle$Holder.invokeVirtual(java.lang.Object, java.lang.Object)'> (0x00000000830c8408) 
thrown [s\src\hotspot\share\interpreter\linkResolver.cpp, line 771]
Event: 1.626 Thread 0x000001eede5df1c0 Exception <a 'java/lang/NoSuchMethodError'{0x00000000830daf60}: 'java.lang.Object java.lang.invoke.DirectMethodHandle$Holder.invokeStaticInit(java.lang.Object, java.lang.Object, java.lang.Object)'> (0x00000000830daf60) 
thrown [s\src\hotspot\share\interpreter\linkResolver.cpp, line 771]
Event: 1.700 Thread 0x000001eede5df1c0 Exception <a 'java/lang/NoSuchMethodError'{0x00000000949952d0}: 'java.lang.Object java.lang.invoke.DirectMethodHandle$Holder.invokeSpecialIFC(java.lang.Object, java.lang.Object, java.lang.Object, java.lang.Object)'> (0x00000000949952d0) 
thrown [s\src\hotspot\share\interpreter\linkResolver.cpp, line 771]
Event: 1.703 Thread 0x000001eede5df1c0 Exception <a 'java/lang/NoSuchMethodError'{0x0000000094815f20}: 'java.lang.Object java.lang.invoke.DirectMethodHandle$Holder.newInvokeSpecial(java.lang.Object, java.lang.Object, java.lang.Object, java.lang.Object, java.lang.Object, java.lang.Object, java.lang.Object, java.lang.Object, java.lang.Object, java.lang.Object)'> (0x0000000094815f20) 
thrown [s\src\hotspot\share\interpreter\linkResolver.cpp, line 771]
Event: 1.703 Thread 0x000001eede5df1c0 Exception <a 'java/lang/NoSuchMethodError'{0x000000009481ae08}: 'java.lang.Object java.lang.invoke.Invokers$Holder.linkToTargetMethod(java.lang.Object, java.lang.Object, java.lang.Object, java.lang.Object, java.lang.Object, java.lang.Object, java.lang.Object, java.lang.Object, java.lang.Object, java.lang.Object)'> (0x000000009481ae08) 
thrown [s\src\hotspot\share\interpreter\linkResolver.cpp, line 771]
Event: 1.706 Thread 0x000001eede5df1c0 Exception <a 'java/lang/NoSuchMethodError'{0x000000009488ff58}: 'java.lang.Object java.lang.invoke.DirectMethodHandle$Holder.newInvokeSpecial(java.lang.Object, java.lang.Object, java.lang.Object, java.lang.Object, java.lang.Object, java.lang.Object, java.lang.Object, java.lang.Object, java.lang.Object, java.lang.Object, java.lang.Object)'> (0x000000009488ff58) 
thrown [s\src\hotspot\share\interpreter\linkResolver.cpp, line 771]
Event: 1.706 Thread 0x000001eede5df1c0 Exception <a 'java/lang/NoSuchMethodError'{0x0000000094895a90}: 'java.lang.Object java.lang.invoke.DirectMethodHandle$Holder.invokeSpecial(java.lang.Object, java.lang.Object, java.lang.Object, java.lang.Object, java.lang.Object, java.lang.Object, java.lang.Object, java.lang.Object, java.lang.Object, java.lang.Object, java.lang.Object, java.lang.Object)'> (0x0000000094895a90) 
thrown [s\src\hotspot\share\interpreter\linkResolver.cpp, line 771]
Event: 1.706 Thread 0x000001eede5df1c0 Exception <a 'java/lang/NoSuchMethodError'{0x000000009489b3d8}: 'java.lang.Object java.lang.invoke.Invokers$Holder.linkToTargetMethod(java.lang.Object, java.lang.Object, java.lang.Object, java.lang.Object, java.lang.Object, java.lang.Object, java.lang.Object, java.lang.Object, java.lang.Object, java.lang.Object, java.lang.Object)'> (0x000000009489b3d8) 
thrown [s\src\hotspot\share\interpreter\linkResolver.cpp, line 771]
Event: 1.712 Thread 0x000001eede5df1c0 Exception <a 'java/lang/NoSuchMethodError'{0x00000000947358c8}: 'java.lang.Object java.lang.invoke.DirectMethodHandle$Holder.invokeStaticInit(java.lang.Object, java.lang.Object, java.lang.Object, java.lang.Object)'> (0x00000000947358c8) 
thrown [s\src\hotspot\share\interpreter\linkResolver.cpp, line 771]
Event: 1.742 Thread 0x000001eede5df1c0 Implicit null exception at 0x000001eec8a1620f to 0x000001eec8a1674c
Event: 1.831 Thread 0x000001eede5df1c0 Exception <a 'java/lang/NoSuchMethodError'{0x000000008309dba8}: 'java.lang.Object java.lang.invoke.DirectMethodHandle$Holder.newInvokeSpecial(java.lang.Object, java.lang.Object, java.lang.Object, java.lang.Object, java.lang.Object, java.lang.Object, java.lang.Object, java.lang.Object)'> (0x000000008309dba8) 
thrown [s\src\hotspot\share\interpreter\linkResolver.cpp, line 771]
Event: 1.832 Thread 0x000001eede5df1c0 Exception <a 'java/lang/NoSuchMethodError'{0x00000000830a3da8}: 'java.lang.Object java.lang.invoke.DirectMethodHandle$Holder.invokeSpecial(java.lang.Object, java.lang.Object, java.lang.Object, java.lang.Object, java.lang.Object, java.lang.Object, java.lang.Object, java.lang.Object, java.lang.Object)'> (0x00000000830a3da8) 
thrown [s\src\hotspot\share\interpreter\linkResolver.cpp, line 771]
Event: 1.832 Thread 0x000001eede5df1c0 Exception <a 'java/lang/NoSuchMethodError'{0x00000000830a96a8}: 'java.lang.Object java.lang.invoke.Invokers$Holder.linkToTargetMethod(java.lang.Object, java.lang.Object, java.lang.Object, java.lang.Object, java.lang.Object, java.lang.Object, java.lang.Object, java.lang.Object)'> (0x00000000830a96a8) 
thrown [s\src\hotspot\share\interpreter\linkResolver.cpp, line 771]
Event: 1.903 Thread 0x000001eede5df1c0 Exception <a 'java/lang/NoSuchMethodError'{0x0000000097d4b6b0}: 'java.lang.Object java.lang.invoke.DirectMethodHandle$Holder.newInvokeSpecial(java.lang.Object, java.lang.Object, int, int)'> (0x0000000097d4b6b0) 
thrown [s\src\hotspot\share\interpreter\linkResolver.cpp, line 771]

VM Operations (20 events):
Event: 1.289 Executing VM operation: HandshakeAllThreads
Event: 1.289 Executing VM operation: HandshakeAllThreads done
Event: 1.324 Executing VM operation: HandshakeAllThreads
Event: 1.324 Executing VM operation: HandshakeAllThreads done
Event: 1.433 Executing VM operation: G1CollectForAllocation
Event: 1.437 Executing VM operation: G1CollectForAllocation done
Event: 1.639 Executing VM operation: HandshakeAllThreads
Event: 1.639 Executing VM operation: HandshakeAllThreads done
Event: 1.671 Executing VM operation: G1CollectForAllocation
Event: 1.675 Executing VM operation: G1CollectForAllocation done
Event: 1.744 Executing VM operation: HandshakeAllThreads
Event: 1.744 Executing VM operation: HandshakeAllThreads done
Event: 1.827 Executing VM operation: HandshakeAllThreads
Event: 1.828 Executing VM operation: HandshakeAllThreads done
Event: 1.891 Executing VM operation: HandshakeAllThreads
Event: 1.891 Executing VM operation: HandshakeAllThreads done
Event: 1.893 Executing VM operation: ICBufferFull
Event: 1.893 Executing VM operation: ICBufferFull done
Event: 1.895 Executing VM operation: G1CollectForAllocation
Event: 1.898 Executing VM operation: G1CollectForAllocation done

Events (20 events):
Event: 1.750 loading class java/util/regex/Pattern$GroupCurly done
Event: 1.769 Thread 0x000001eedec4df60 Thread added: 0x000001eedec4df60
Event: 1.782 loading class java/lang/management/MemoryType
Event: 1.782 loading class java/lang/management/MemoryType done
Event: 1.783 loading class java/lang/management/MemoryUsage
Event: 1.783 loading class java/lang/management/MemoryUsage done
Event: 1.783 loading class java/util/concurrent/LinkedBlockingDeque$Node
Event: 1.783 loading class java/util/concurrent/LinkedBlockingDeque$Node done
Event: 1.899 loading class java/util/BitSet
Event: 1.900 loading class java/util/BitSet done
Event: 1.900 loading class java/util/BitSet$1BitSetSpliterator
Event: 1.900 loading class java/util/BitSet$1BitSetSpliterator done
Event: 1.900 loading class java/util/stream/IntPipeline$1
Event: 1.900 loading class java/util/stream/IntPipeline$1 done
Event: 1.900 loading class java/util/stream/IntPipeline$1$1
Event: 1.901 loading class java/util/stream/IntPipeline$1$1 done
Event: 1.906 loading class jdk/internal/reflect/UnsafeStaticIntegerFieldAccessorImpl
Event: 1.906 loading class jdk/internal/reflect/UnsafeStaticIntegerFieldAccessorImpl done
Event: 1.907 loading class java/lang/IllegalAccessError
Event: 1.907 loading class java/lang/IllegalAccessError done


Dynamic libraries:
0x00007ff7bc1e0000 - 0x00007ff7bc1ea000 	C:\Program Files\Android\Android Studio\jbr\bin\java.exe
0x00007ffaeb370000 - 0x00007ffaeb587000 	C:\WINDOWS\SYSTEM32\ntdll.dll
0x00007ffae9650000 - 0x00007ffae9714000 	C:\WINDOWS\System32\KERNEL32.DLL
0x00007ffae8720000 - 0x00007ffae8acc000 	C:\WINDOWS\System32\KERNELBASE.dll
0x00007ffae8b70000 - 0x00007ffae8c81000 	C:\WINDOWS\System32\ucrtbase.dll
0x00007ffac1630000 - 0x00007ffac1647000 	C:\Program Files\Android\Android Studio\jbr\bin\jli.dll
0x00007ffacb280000 - 0x00007ffacb29b000 	C:\Program Files\Android\Android Studio\jbr\bin\VCRUNTIME140.dll
0x00007ffaea610000 - 0x00007ffaea7be000 	C:\WINDOWS\System32\USER32.dll
0x00007ffae8f60000 - 0x00007ffae8f86000 	C:\WINDOWS\System32\win32u.dll
0x00007ffae7870000 - 0x00007ffae7b03000 	C:\WINDOWS\WinSxS\amd64_microsoft.windows.common-controls_6595b64144ccf1df_6.0.22621.3672_none_2713b9d173822955\COMCTL32.dll
0x00007ffaeb1e0000 - 0x00007ffaeb209000 	C:\WINDOWS\System32\GDI32.dll
0x00007ffae9c80000 - 0x00007ffae9d27000 	C:\WINDOWS\System32\msvcrt.dll
0x00007ffae8f90000 - 0x00007ffae90a9000 	C:\WINDOWS\System32\gdi32full.dll
0x00007ffae8ad0000 - 0x00007ffae8b6a000 	C:\WINDOWS\System32\msvcp_win.dll
0x00007ffae9490000 - 0x00007ffae94c1000 	C:\WINDOWS\System32\IMM32.DLL
0x00007ffacb240000 - 0x00007ffacb24c000 	C:\Program Files\Android\Android Studio\jbr\bin\vcruntime140_1.dll
0x00007ffa937c0000 - 0x00007ffa9384d000 	C:\Program Files\Android\Android Studio\jbr\bin\msvcp140.dll
0x00007ffa8b8e0000 - 0x00007ffa8c563000 	C:\Program Files\Android\Android Studio\jbr\bin\server\jvm.dll
0x00007ffaeac50000 - 0x00007ffaead02000 	C:\WINDOWS\System32\ADVAPI32.dll
0x00007ffae9590000 - 0x00007ffae963a000 	C:\WINDOWS\System32\sechost.dll
0x00007ffae8e70000 - 0x00007ffae8e98000 	C:\WINDOWS\System32\bcrypt.dll
0x00007ffaeb210000 - 0x00007ffaeb325000 	C:\WINDOWS\System32\RPCRT4.dll
0x00007ffacd640000 - 0x00007ffacd649000 	C:\WINDOWS\SYSTEM32\WSOCK32.dll
0x00007ffae7fa0000 - 0x00007ffae7fed000 	C:\WINDOWS\SYSTEM32\POWRPROF.dll
0x00007ffadd5d0000 - 0x00007ffadd604000 	C:\WINDOWS\SYSTEM32\WINMM.dll
0x00007ffaea590000 - 0x00007ffaea601000 	C:\WINDOWS\System32\WS2_32.dll
0x00007ffae09b0000 - 0x00007ffae09ba000 	C:\WINDOWS\SYSTEM32\VERSION.dll
0x00007ffae7b80000 - 0x00007ffae7b93000 	C:\WINDOWS\SYSTEM32\UMPDC.dll
0x00007ffae6e80000 - 0x00007ffae6e98000 	C:\WINDOWS\SYSTEM32\kernel.appcore.dll
0x00007ffacd630000 - 0x00007ffacd63a000 	C:\Program Files\Android\Android Studio\jbr\bin\jimage.dll
0x00007ffae7ff0000 - 0x00007ffae8222000 	C:\WINDOWS\SYSTEM32\DBGHELP.DLL
0x00007ffaea8c0000 - 0x00007ffaeac48000 	C:\WINDOWS\System32\combase.dll
0x00007ffaeada0000 - 0x00007ffaeae77000 	C:\WINDOWS\System32\OLEAUT32.dll
0x00007ffae7e70000 - 0x00007ffae7ea2000 	C:\WINDOWS\SYSTEM32\dbgcore.DLL
0x00007ffae86a0000 - 0x00007ffae871b000 	C:\WINDOWS\System32\bcryptPrimitives.dll
0x00007ffac1650000 - 0x00007ffac165e000 	C:\Program Files\Android\Android Studio\jbr\bin\instrument.dll
0x00007ffaca7d0000 - 0x00007ffaca7f5000 	C:\Program Files\Android\Android Studio\jbr\bin\java.dll
0x00007ffac1e70000 - 0x00007ffac1e88000 	C:\Program Files\Android\Android Studio\jbr\bin\zip.dll
0x00007ffae9d30000 - 0x00007ffaea58c000 	C:\WINDOWS\System32\SHELL32.dll
0x00007ffae5bb0000 - 0x00007ffae64a7000 	C:\WINDOWS\SYSTEM32\windows.storage.dll
0x00007ffae5a70000 - 0x00007ffae5baf000 	C:\WINDOWS\SYSTEM32\wintypes.dll
0x00007ffaea7c0000 - 0x00007ffaea8b4000 	C:\WINDOWS\System32\SHCORE.dll
0x00007ffae9430000 - 0x00007ffae948e000 	C:\WINDOWS\System32\shlwapi.dll
0x00007ffae85d0000 - 0x00007ffae85f1000 	C:\WINDOWS\SYSTEM32\profapi.dll
0x00007ffac1970000 - 0x00007ffac1989000 	C:\Program Files\Android\Android Studio\jbr\bin\net.dll
0x00007ffae0740000 - 0x00007ffae0876000 	C:\WINDOWS\SYSTEM32\WINHTTP.dll
0x00007ffae7480000 - 0x00007ffae74e9000 	C:\WINDOWS\system32\mswsock.dll
0x00007ffac1950000 - 0x00007ffac1966000 	C:\Program Files\Android\Android Studio\jbr\bin\nio.dll
0x00007ffac5350000 - 0x00007ffac5360000 	C:\Program Files\Android\Android Studio\jbr\bin\verify.dll
0x00007ffaaf320000 - 0x00007ffaaf347000 	C:\Users\famil\.gradle\native\c067742578af261105cb4f569cf0c3c89f3d7b1fecec35dd04571415982c5e48\windows-amd64\native-platform.dll
0x00007ffa8cab0000 - 0x00007ffa8cbf4000 	C:\Users\famil\.gradle\native\38dada09dfb8b06ba9b0570ebf7e218e3eb74d4ef43ca46872605cf95ebc2f47\windows-amd64\native-platform-file-events.dll
0x00007ffac1940000 - 0x00007ffac1949000 	C:\Program Files\Android\Android Studio\jbr\bin\management.dll
0x00007ffac18e0000 - 0x00007ffac18eb000 	C:\Program Files\Android\Android Studio\jbr\bin\management_ext.dll
0x00007ffae94d0000 - 0x00007ffae94d8000 	C:\WINDOWS\System32\PSAPI.DLL
0x00007ffae8330000 - 0x00007ffae834b000 	C:\WINDOWS\SYSTEM32\CRYPTSP.dll
0x00007ffae6f90000 - 0x00007ffae6fc5000 	C:\WINDOWS\system32\rsaenh.dll
0x00007ffae76e0000 - 0x00007ffae7708000 	C:\WINDOWS\SYSTEM32\USERENV.dll
0x00007ffae7710000 - 0x00007ffae771c000 	C:\WINDOWS\SYSTEM32\CRYPTBASE.dll
0x00007ffae6900000 - 0x00007ffae692d000 	C:\WINDOWS\SYSTEM32\IPHLPAPI.DLL
0x00007ffaeb1d0000 - 0x00007ffaeb1d9000 	C:\WINDOWS\System32\NSI.dll
0x00007ffae0990000 - 0x00007ffae09a9000 	C:\WINDOWS\SYSTEM32\dhcpcsvc6.DLL
0x00007ffadfee0000 - 0x00007ffadfeff000 	C:\WINDOWS\SYSTEM32\dhcpcsvc.DLL
0x00007ffae69f0000 - 0x00007ffae6ae8000 	C:\WINDOWS\SYSTEM32\DNSAPI.dll
0x00007ffac1e60000 - 0x00007ffac1e69000 	C:\Program Files\Android\Android Studio\jbr\bin\extnet.dll
0x00007ffaca740000 - 0x00007ffaca748000 	C:\WINDOWS\system32\wshunix.dll

dbghelp: loaded successfully - version: 4.0.5 - missing functions: none
symbol engine: initialized successfully - sym options: 0x614 - pdb path: .;C:\Program Files\Android\Android Studio\jbr\bin;C:\WINDOWS\SYSTEM32;C:\WINDOWS\WinSxS\amd64_microsoft.windows.common-controls_6595b64144ccf1df_6.0.22621.3672_none_2713b9d173822955;C:\Program Files\Android\Android Studio\jbr\bin\server;C:\Users\famil\.gradle\native\c067742578af261105cb4f569cf0c3c89f3d7b1fecec35dd04571415982c5e48\windows-amd64;C:\Users\famil\.gradle\native\38dada09dfb8b06ba9b0570ebf7e218e3eb74d4ef43ca46872605cf95ebc2f47\windows-amd64

VM Arguments:
jvm_args: --add-opens=java.base/java.util=ALL-UNNAMED --add-opens=java.base/java.lang=ALL-UNNAMED --add-opens=java.base/java.lang.invoke=ALL-UNNAMED --add-opens=java.prefs/java.util.prefs=ALL-UNNAMED --add-opens=java.base/java.nio.charset=ALL-UNNAMED --add-opens=java.base/java.net=ALL-UNNAMED --add-opens=java.base/java.util.concurrent.atomic=ALL-UNNAMED -Xmx2048m -Dfile.encoding=UTF-8 -Duser.country=AR -Duser.language=es -Duser.variant -javaagent:C:\Users\famil\.gradle\wrapper\dists\gradle-8.6-all\3mbtmo166bl6vumsh5k2lkq5h\gradle-8.6\lib\agents\gradle-instrumentation-agent-8.6.jar 
java_command: org.gradle.launcher.daemon.bootstrap.GradleDaemon 8.6
java_class_path (initial): C:\Users\famil\.gradle\wrapper\dists\gradle-8.6-all\3mbtmo166bl6vumsh5k2lkq5h\gradle-8.6\lib\gradle-launcher-8.6.jar
Launcher Type: SUN_STANDARD

[Global flags]
     intx CICompilerCount                          = 4                                         {product} {ergonomic}
     uint ConcGCThreads                            = 3                                         {product} {ergonomic}
     uint G1ConcRefinementThreads                  = 10                                        {product} {ergonomic}
   size_t G1HeapRegionSize                         = 1048576                                   {product} {ergonomic}
    uintx GCDrainStackTargetSize                   = 64                                        {product} {ergonomic}
   size_t InitialHeapSize                          = 400556032                                 {product} {ergonomic}
   size_t MarkStackSize                            = 4194304                                   {product} {ergonomic}
   size_t MaxHeapSize                              = 2147483648                                {product} {command line}
   size_t MaxNewSize                               = 1287651328                                {product} {ergonomic}
   size_t MinHeapDeltaBytes                        = 1048576                                   {product} {ergonomic}
   size_t MinHeapSize                              = 8388608                                   {product} {ergonomic}
    uintx NonNMethodCodeHeapSize                   = 5839372                                {pd product} {ergonomic}
    uintx NonProfiledCodeHeapSize                  = 122909434                              {pd product} {ergonomic}
    uintx ProfiledCodeHeapSize                     = 122909434                              {pd product} {ergonomic}
    uintx ReservedCodeCacheSize                    = 251658240                              {pd product} {ergonomic}
     bool SegmentedCodeCache                       = true                                      {product} {ergonomic}
   size_t SoftMaxHeapSize                          = 2147483648                             {manageable} {ergonomic}
     bool UseCompressedClassPointers               = true                           {product lp64_product} {ergonomic}
     bool UseCompressedOops                        = true                           {product lp64_product} {ergonomic}
     bool UseG1GC                                  = true                                      {product} {ergonomic}
     bool UseLargePagesIndividualAllocation        = false                                  {pd product} {ergonomic}

Logging:
Log output configuration:
 #0: stdout all=warning uptime,level,tags
 #1: stderr all=off uptime,level,tags

Environment Variables:
PATH=C:\Program Files\Common Files\Oracle\Java\javapath;C:\Program Files (x86)\Common Files\Oracle\Java\javapath;C:\Windows\system32;C:\Windows;C:\Windows\System32\Wbem;C:\Windows\System32\WindowsPowerShell\v1.0\;C:\Windows\System32\OpenSSH\;C:\Program Files (x86)\NVIDIA Corporation\PhysX\Common;C:\Program Files\NVIDIA Corporation\NVIDIA NvDLISR;C:\Program Files\Microsoft SQL Server\150\Tools\Binn\;C:\Program Files\Microsoft SQL Server\Client SDK\ODBC\170\Tools\Binn\;C:\Program Files (x86)\Microsoft SQL Server\150\DTS\Binn\;C:\Program Files\Microsoft SQL Server\150\DTS\Binn\;C:\Program Files (x86)\Microsoft SQL Server\150\Tools\Binn\;C:\Program Files (x86)\Microsoft SQL Server\160\DTS\Binn\;C:\Program Files\Azure Data Studio\bin;C:\WINDOWS\system32;C:\WINDOWS;C:\WINDOWS\System32\Wbem;C:\WINDOWS\System32\WindowsPowerShell\v1.0\;C:\WINDOWS\System32\OpenSSH\;C:\Program Files\dotnet\;C:\Program Files\WireGuard\;C:\Program Files\MongoDB\Server\7.0\bin;C:\Program Files\Git\cmd;C:\Users\famil\AppData\Local\Microsoft\WindowsApps;C:\Users\famil\.dotnet\tools;C:\Program Files\Azure Data Studio\bin;C:\Users\famil\AppData\Local\Programs\Microsoft VS Code\bin;C:\Program Files\MongoDB\Server\7.0\bin;C:\Program Files\MongoDB\Server\7.0\bin\;C:\Users\famil\AppData\Local\GitHubDesktop\bin;
USERNAME=famil
OS=Windows_NT
PROCESSOR_IDENTIFIER=Intel64 Family 6 Model 141 Stepping 1, GenuineIntel
TMP=C:\Users\famil\AppData\Local\Temp
TEMP=C:\Users\famil\AppData\Local\Temp



Periodic native trim disabled

JNI global refs:
JNI global refs: 25, weak refs: 0

JNI global refs memory usage: 843, weak refs: 841

OOME stack traces (most recent first):
Classloader memory used:
Loader org.gradle.internal.classloader.VisitableURLClassLoader                         : 1960K
Loader bootstrap                                                                       : 1931K
Loader org.gradle.initialization.MixInLegacyTypesClassLoader                           : 448K
Loader jdk.internal.loader.ClassLoaders$AppClassLoader                                 : 28729B
Loader jdk.internal.loader.ClassLoaders$PlatformClassLoader                            : 18001B
Loader jdk.internal.reflect.DelegatingClassLoader                                      : 3989B

Classes loaded by more than one classloader:
Class org.gradle.internal.installation.GradleInstallation                             : loaded 2 times (x 73B)
Class org.gradle.internal.classpath.ClassPath                                         : loaded 2 times (x 68B)
Class org.gradle.api.internal.classpath.DefaultModuleRegistry                         : loaded 2 times (x 84B)
Class org.gradle.api.Action                                                           : loaded 2 times (x 68B)
Class org.gradle.api.internal.DefaultClassPathProvider                                : loaded 2 times (x 74B)
Class org.gradle.internal.installation.GradleInstallation$1                           : loaded 2 times (x 73B)
Class org.gradle.internal.classloader.FilteringClassLoader                            : loaded 2 times (x 103B)
Class org.gradle.internal.classpath.DefaultClassPath$ImmutableUniqueList$Builder      : loaded 2 times (x 73B)
Class org.gradle.internal.classloader.ClassLoaderVisitor                              : loaded 2 times (x 74B)
Class org.gradle.internal.service.DefaultServiceLocator                               : loaded 2 times (x 81B)
Class org.gradle.internal.service.UnknownServiceException                             : loaded 2 times (x 81B)
Class org.gradle.internal.classloader.DefaultClassLoaderFactory                       : loaded 2 times (x 80B)
Class org.gradle.internal.classloader.VisitableURLClassLoader$Spec                    : loaded 2 times (x 72B)
Class org.gradle.api.GradleException                                                  : loaded 2 times (x 80B)
Class org.gradle.api.internal.classpath.ModuleRegistry                                : loaded 2 times (x 68B)
Class org.gradle.api.internal.ClassPathProvider                                       : loaded 2 times (x 68B)
Class org.gradle.internal.classloader.ClasspathUtil$1                                 : loaded 2 times (x 74B)
Class org.gradle.internal.classloader.ClassLoaderFactory                              : loaded 2 times (x 68B)
Class org.gradle.api.internal.classpath.ManifestUtil                                  : loaded 2 times (x 69B)
Class org.gradle.api.specs.Spec                                                       : loaded 2 times (x 68B)
Class org.gradle.internal.IoActions                                                   : loaded 2 times (x 69B)
Class org.gradle.api.internal.classpath.EffectiveClassPath                            : loaded 2 times (x 88B)
Class org.gradle.internal.installation.CurrentGradleInstallation                      : loaded 2 times (x 71B)
Class org.gradle.internal.agents.InstrumentingClassLoader                             : loaded 2 times (x 68B)
Class org.gradle.internal.installation.CurrentGradleInstallationLocator               : loaded 2 times (x 69B)
Class org.gradle.api.internal.classpath.Module                                        : loaded 2 times (x 68B)
Class org.gradle.internal.service.CachingServiceLocator                               : loaded 2 times (x 80B)
Class org.gradle.internal.classpath.DefaultClassPath                                  : loaded 2 times (x 88B)
Class org.gradle.internal.classloader.SystemClassLoaderSpec                           : loaded 2 times (x 69B)
Class org.gradle.api.UncheckedIOException                                             : loaded 2 times (x 80B)
Class org.gradle.internal.classloader.ClasspathUtil                                   : loaded 2 times (x 69B)
Class org.gradle.api.internal.DefaultClassPathRegistry                                : loaded 2 times (x 74B)
Class org.gradle.api.internal.classpath.DefaultModuleRegistry$DefaultModule           : loaded 2 times (x 84B)
Class org.gradle.api.internal.classpath.UnknownModuleException                        : loaded 2 times (x 80B)
Class org.gradle.internal.service.ServiceLookupException                              : loaded 2 times (x 80B)
Class org.gradle.cache.GlobalCache                                                    : loaded 2 times (x 68B)
Class [Lorg.gradle.api.internal.ClassPathProvider;                                    : loaded 2 times (x 67B)
Class org.gradle.util.internal.GUtil                                                  : loaded 2 times (x 69B)
Class org.gradle.internal.classloader.ClassLoaderSpec                                 : loaded 2 times (x 69B)
Class org.gradle.internal.classloader.VisitableURLClassLoader                         : loaded 2 times (x 115B)
Class org.gradle.internal.Cast                                                        : loaded 2 times (x 69B)
Class org.gradle.api.internal.ClassPathRegistry                                       : loaded 2 times (x 68B)
Class org.gradle.internal.classloader.VisitableURLClassLoader$InstrumentingVisitableURLClassLoader: loaded 2 times (x 121B)
Class org.gradle.internal.classloader.ClassLoaderHierarchy                            : loaded 2 times (x 68B)
Class org.gradle.internal.InternalTransformer                                         : loaded 2 times (x 68B)
Class org.gradle.internal.service.ServiceLocator                                      : loaded 2 times (x 68B)
Class org.gradle.internal.classpath.DefaultClassPath$ImmutableUniqueList              : loaded 2 times (x 159B)
Class org.gradle.internal.classpath.TransformedClassPath                              : loaded 2 times (x 94B)


---------------  S Y S T E M  ---------------

OS:
 Windows 11 , 64 bit Build 22621 (10.0.22621.3672)
OS uptime: 0 days 0:04 hours

CPU: total 12 (initial active 12) (6 cores per cpu, 2 threads per core) family 6 model 141 stepping 1 microcode 0x3c, cx8, cmov, fxsr, ht, mmx, 3dnowpref, sse, sse2, sse3, ssse3, sse4.1, sse4.2, popcnt, lzcnt, tsc, tscinvbit, avx, avx2, aes, erms, clmul, bmi1, bmi2, adx, avx512f, avx512dq, avx512cd, avx512bw, avx512vl, sha, fma, vzeroupper, avx512_vpopcntdq, avx512_vpclmulqdq, avx512_vaes, avx512_vnni, clflush, clflushopt, clwb, avx512_vbmi2, avx512_vbmi
Processor Information for all 12 processors :
  Max Mhz: 2688, Current Mhz: 2688, Mhz Limit: 2688

Memory: 4k page, system-wide physical 24339M (17107M free)
TotalPageFile size 32531M (AvailPageFile size 25742M)
current process WorkingSet (physical memory assigned to process): 217M, peak: 226M
current process commit charge ("private bytes"): 259M, peak: 534M

vm_info: OpenJDK 64-Bit Server VM (17.0.10+0--11572160) for windows-amd64 JRE (17.0.10+0--11572160), built on Mar 13 2024 23:56:38 by "androidbuild" with MS VC++ 16.10 / 16.11 (VS2019)

END.
