#
# A fatal error has been detected by the Java Runtime Environment:
#
#  EXCEPTION_ACCESS_VIOLATION (0xc0000005) at pc=0x00007ffa675e0c11, pid=9608, tid=11804
#
# JRE version: OpenJDK Runtime Environment (17.0.10) (build 17.0.10+0--11572160)
# Java VM: OpenJDK 64-Bit Server VM (17.0.10+0--11572160, mixed mode, tiered, compressed oops, compressed class ptrs, g1 gc, windows-amd64)
# Problematic frame:
# V  [jvm.dll+0x1c0c11]
#
# No core dump will be written. Minidumps are not enabled by default on client versions of Windows
#
# If you would like to submit a bug report, please visit:
#   https://bugreport.java.com/bugreport/crash.jsp
#

---------------  S U M M A R Y ------------

Command Line: org.jetbrains.kotlin.cli.jvm.K2JVMCompiler @D:\Desarrollo\2doAno-2doCuatr-Mar24-Jul24\AplicacionesMoviles\weatherapp\app\build\20240618_17043464085987204136.compiler.options

Host: 11th Gen Intel(R) Core(TM) i5-11400H @ 2.70GHz, 12 cores, 23G,  Windows 11 , 64 bit Build 22621 (10.0.22621.3672)
Time: Tue Jun 18 14:54:40 2024 Hora estándar de Argentina elapsed time: 6.178938 seconds (0d 0h 0m 6s)

---------------  T H R E A D  ---------------

Current thread (0x000001fc0a45d1b0):  JavaThread "C2 CompilerThread2" daemon [_thread_in_native, id=11804, stack(0x00000006ef600000,0x00000006ef700000)]


Current CompileTask:
C2:   6179 5777       4       org.jetbrains.org.objectweb.asm.ClassReader::readMethod (1061 bytes)

Stack: [0x00000006ef600000,0x00000006ef700000],  sp=0x00000006ef6fb480,  free space=1005k
Native frames: (J=compiled Java code, j=interpreted, Vv=VM code, C=native code)
V  [jvm.dll+0x1c0c11]
V  [jvm.dll+0x36bf2b]
V  [jvm.dll+0x36aea5]
V  [jvm.dll+0x1be036]
V  [jvm.dll+0x21dbf9]
V  [jvm.dll+0x21cec1]
V  [jvm.dll+0x1a60ad]
V  [jvm.dll+0x22cd78]
V  [jvm.dll+0x22aeb0]
V  [jvm.dll+0x7f6917]
V  [jvm.dll+0x7f0d1a]
V  [jvm.dll+0x687d05]
C  [ucrtbase.dll+0x29333]
C  [KERNEL32.DLL+0x1257d]
C  [ntdll.dll+0x5af28]


siginfo: EXCEPTION_ACCESS_VIOLATION (0xc0000005), writing address 0x00007ffa677f4198


Registers:
RAX=0x003d410400bd411a, RBX=0x000001fc0d9f5ad0, RCX=0x003d4104003d411a, RDX=0x0000000000800000
RSP=0x00000006ef6fb480, RBP=0x00000006ef6fb800, RSI=0x0000000000002144, RDI=0x0000000000000000
R8 =0x00007ffa677f4198, R9 =0x0000000000000200, R10=0x0000000000400000, R11=0x0000000000000000
R12=0x0000000000002144, R13=0x000001fc0ccdfd00, R14=0x00000006ef6fbb90, R15=0x0000000000000000
RIP=0x00007ffa675e0c11, EFLAGS=0x0000000000010202


Register to memory mapping:

RIP=0x00007ffa675e0c11 jvm.dll
RAX=0x003d410400bd411a is an unknown value
RBX=0x000001fc0d9f5ad0 points into unknown readable memory: 0x0000000000000000 | 00 00 00 00 00 00 00 00
RCX=0x003d4104003d411a is an unknown value
RDX=0x0000000000800000 is an unknown value
RSP=0x00000006ef6fb480 is pointing into the stack for thread: 0x000001fc0a45d1b0
RBP=0x00000006ef6fb800 is pointing into the stack for thread: 0x000001fc0a45d1b0
RSI=0x0000000000002144 is an unknown value
RDI=0x0 is NULL
R8 =0x00007ffa677f4198 jvm.dll
R9 =0x0000000000000200 is an unknown value
R10=0x0000000000400000 is an unknown value
R11=0x0 is NULL
R12=0x0000000000002144 is an unknown value
R13=0x000001fc0ccdfd00 points into unknown readable memory: 0x00007ffa67d5ee88 | 88 ee d5 67 fa 7f 00 00
R14=0x00000006ef6fbb90 is pointing into the stack for thread: 0x000001fc0a45d1b0
R15=0x0 is NULL


Top of Stack: (sp=0x00000006ef6fb480)
0x00000006ef6fb480:   000001fc0d9f5b70 00000006ef6fb800
0x00000006ef6fb490:   00007ffa67fb4198 0000000000000000
0x00000006ef6fb4a0:   000001fc0db1a020 00007ffa6778bf2b
0x00000006ef6fb4b0:   000001fc0dc18f10 000001fc0dc18f10
0x00000006ef6fb4c0:   0000000000000000 0000000000000000
0x00000006ef6fb4d0:   0000000000000200 0000000100000a17
0x00000006ef6fb4e0:   0000002f0000000b 000001fc0e9373e0
0x00000006ef6fb4f0:   000001fc0e936c20 00000006ef6fb5f0
0x00000006ef6fb500:   0000000000000003 0000000000000000
0x00000006ef6fb510:   000001fc0dc18f10 00007ffa6778aea5
0x00000006ef6fb520:   0000000000000018 00000006ef6fb620
0x00000006ef6fb530:   00000006ef6fbb90 00007ffabe8aaff1
0x00000006ef6fb540:   00000006ef6fb560 000001fc00000006
0x00000006ef6fb550:   0000001700000029 000000000000000d
0x00000006ef6fb560:   0000002900000000 0000000e00000040
0x00000006ef6fb570:   0000000000000000 0000002b00000003
0x00000006ef6fb580:   0000000d0000000d 000001fc00000000
0x00000006ef6fb590:   000000000000002a 000001fc0bed1718
0x00000006ef6fb5a0:   000000000000054e 0000000000000018
0x00000006ef6fb5b0:   0000000000000000 000000010000262d
0x00000006ef6fb5c0:   0000002700000027 000001fc0e9372e0
0x00000006ef6fb5d0:   000001fc0e936c20 00000006ef6fb5f0
0x00000006ef6fb5e0:   000001fc0bed1784 000001fc0bed178c
0x00000006ef6fb5f0:   0000002f00000026 000001fc0e936c20
0x00000006ef6fb600:   000001fc0e74f920 000001fc0e74f880
0x00000006ef6fb610:   000001fc0ce6b820 0000000000000000
0x00000006ef6fb620:   000001fc0e30cff0 00007ffa674ccd81
0x00000006ef6fb630:   000001fc0e74f4c0 00000000000000dc
0x00000006ef6fb640:   000001fc0b6d1920 000000000000067d
0x00000006ef6fb650:   000001fc0e30cff0 00007ffa679924cd
0x00000006ef6fb660:   0000000000000021 000000000000067e
0x00000006ef6fb670:   0000000000000000 0000000000000000 

Instructions: (pc=0x00007ffa675e0c11)
0x00007ffa675e0b11:   9c 00 00 00 3b c1 89 83 98 00 00 00 79 11 81 8b
0x00007ffa675e0b21:   a8 00 00 00 80 00 00 00 c7 43 30 2f 75 00 00 ff
0x00007ffa675e0b31:   c7 c7 43 34 00 00 00 00 3b be e0 00 00 00 0f 82
0x00007ffa675e0b41:   7b ff ff ff 48 81 c4 80 00 00 00 5f 5e 5b c3 29
0x00007ffa675e0b51:   07 1c 00 bb 07 1c 00 29 07 1c 00 29 07 1c 00 a6
0x00007ffa675e0b61:   06 1c 00 29 07 1c 00 e9 06 1c 00 e9 06 1c 00 6d
0x00007ffa675e0b71:   07 1c 00 29 07 1c 00 41 07 1c 00 57 07 1c 00 6d
0x00007ffa675e0b81:   07 1c 00 83 07 1c 00 41 07 1c 00 29 07 1c 00 48
0x00007ffa675e0b91:   8b 41 58 48 63 48 10 48 8d 05 15 e4 97 00 48 c1
0x00007ffa675e0ba1:   e1 05 8b 04 01 c3 cc cc cc cc cc cc cc cc cc 40
0x00007ffa675e0bb1:   53 48 83 ec 20 48 8b d9 85 d2 75 08 32 c0 48 83
0x00007ffa675e0bc1:   c4 20 5b c3 48 8b 43 08 8b ca 48 c1 e9 08 48 89
0x00007ffa675e0bd1:   7c 24 30 8b fa 4c 8b 04 c8 48 8d 05 b7 35 9d 00
0x00007ffa675e0be1:   4c 3b c0 75 0b 48 8b cb e8 f2 02 1b 00 4c 8b c0
0x00007ffa675e0bf1:   40 0f b6 cf ba 01 00 00 00 48 c1 ef 06 80 e1 3f
0x00007ffa675e0c01:   83 e7 03 48 d3 e2 49 8b 0c f8 48 8b c1 48 0b c2
0x00007ffa675e0c11:   49 89 04 f8 48 8b 7c 24 30 48 23 ca 75 02 ff 03
0x00007ffa675e0c21:   48 85 c9 0f 94 c0 48 83 c4 20 5b c3 cc cc cc 44
0x00007ffa675e0c31:   8b d2 41 3b d0 7c 47 41 8d 80 c0 02 00 00 3b d0
0x00007ffa675e0c41:   7d 3c 44 8b ca 45 2b c8 41 8b c1 83 e0 3f 0f b6
0x00007ffa675e0c51:   d0 41 8b c1 48 c1 e8 06 48 8b 44 c1 38 48 0f a3
0x00007ffa675e0c61:   d0 73 1b 0f b7 81 9c 00 00 00 83 f8 01 74 0c 8d
0x00007ffa675e0c71:   48 ff 8b c1 41 23 c2 3b c1 75 03 b0 01 c3 32 c0
0x00007ffa675e0c81:   c3 cc cc cc cc cc cc cc cc cc cc cc cc cc cc 40
0x00007ffa675e0c91:   57 41 57 48 83 ec 38 4c 8b 41 48 33 ff 48 89 5c
0x00007ffa675e0ca1:   24 58 4c 8b f9 48 89 74 24 68 4c 89 64 24 30 44
0x00007ffa675e0cb1:   8b e7 4c 89 6c 24 28 44 8b ef 41 39 78 40 0f 86
0x00007ffa675e0cc1:   ba 00 00 00 48 89 6c 24 60 4c 89 74 24 20 90 49
0x00007ffa675e0cd1:   8b 40 30 8b ef 41 8b d4 48 8b 34 d0 8b 46 28 89
0x00007ffa675e0ce1:   44 24 50 85 c0 0f 84 7c 00 00 00 4c 8b f7 90 3b
0x00007ffa675e0cf1:   6e 18 73 0a 48 8b 46 20 49 8b 1c 06 eb 03 48 8b
0x00007ffa675e0d01:   df 48 8b 03 48 8b cb ff 50 78 4c 8b c7 44 8b 48 


Stack slot to memory mapping:
stack at sp + 0 slots: 0x000001fc0d9f5b70 points into unknown readable memory: 0x0000002200000023 | 23 00 00 00 22 00 00 00
stack at sp + 1 slots: 0x00000006ef6fb800 is pointing into the stack for thread: 0x000001fc0a45d1b0
stack at sp + 2 slots: 0x00007ffa67fb4198 jvm.dll
stack at sp + 3 slots: 0x0 is NULL
stack at sp + 4 slots: 0x000001fc0db1a020 points into unknown readable memory: 0x3f7188581faccc02 | 02 cc ac 1f 58 88 71 3f
stack at sp + 5 slots: 0x00007ffa6778bf2b jvm.dll
stack at sp + 6 slots: 0x000001fc0dc18f10 points into unknown readable memory: 0x3e9d056df60493cc | cc 93 04 f6 6d 05 9d 3e
stack at sp + 7 slots: 0x000001fc0dc18f10 points into unknown readable memory: 0x3e9d056df60493cc | cc 93 04 f6 6d 05 9d 3e


---------------  P R O C E S S  ---------------

Threads class SMR info:
_java_thread_list=0x000001fc0c9b6990, length=14, elements={
0x000001fc612fb8a0, 0x000001fc7e97e8d0, 0x000001fc7ed6e520, 0x000001fc7edabf00,
0x000001fc7edaead0, 0x000001fc7edaf690, 0x000001fc7edc4010, 0x000001fc7edc5930,
0x000001fc7edc8d80, 0x000001fc7edd2bf0, 0x000001fc7ef32260, 0x000001fc7ef48e80,
0x000001fc0a45dc50, 0x000001fc0a45d1b0
}

Java Threads: ( => current thread )
  0x000001fc612fb8a0 JavaThread "main" [_thread_blocked, id=2168, stack(0x00000006ed600000,0x00000006ed700000)]
  0x000001fc7e97e8d0 JavaThread "Reference Handler" daemon [_thread_blocked, id=4808, stack(0x00000006edd00000,0x00000006ede00000)]
  0x000001fc7ed6e520 JavaThread "Finalizer" daemon [_thread_blocked, id=5696, stack(0x00000006ede00000,0x00000006edf00000)]
  0x000001fc7edabf00 JavaThread "Signal Dispatcher" daemon [_thread_blocked, id=8728, stack(0x00000006edf00000,0x00000006ee000000)]
  0x000001fc7edaead0 JavaThread "Attach Listener" daemon [_thread_blocked, id=7184, stack(0x00000006ee000000,0x00000006ee100000)]
  0x000001fc7edaf690 JavaThread "Service Thread" daemon [_thread_blocked, id=8764, stack(0x00000006ee100000,0x00000006ee200000)]
  0x000001fc7edc4010 JavaThread "Monitor Deflation Thread" daemon [_thread_blocked, id=9756, stack(0x00000006ee200000,0x00000006ee300000)]
  0x000001fc7edc5930 JavaThread "C2 CompilerThread0" daemon [_thread_blocked, id=11724, stack(0x00000006ee300000,0x00000006ee400000)]
  0x000001fc7edc8d80 JavaThread "C1 CompilerThread0" daemon [_thread_blocked, id=7044, stack(0x00000006ee400000,0x00000006ee500000)]
  0x000001fc7edd2bf0 JavaThread "Sweeper thread" daemon [_thread_blocked, id=2464, stack(0x00000006ee500000,0x00000006ee600000)]
  0x000001fc7ef32260 JavaThread "Notification Thread" daemon [_thread_blocked, id=2552, stack(0x00000006ee600000,0x00000006ee700000)]
  0x000001fc7ef48e80 JavaThread "Common-Cleaner" daemon [_thread_blocked, id=7748, stack(0x00000006ee800000,0x00000006ee900000)]
  0x000001fc0a45dc50 JavaThread "C2 CompilerThread1" daemon [_thread_in_native, id=10640, stack(0x00000006ef400000,0x00000006ef500000)]
=>0x000001fc0a45d1b0 JavaThread "C2 CompilerThread2" daemon [_thread_in_native, id=11804, stack(0x00000006ef600000,0x00000006ef700000)]

Other Threads:
  0x000001fc7e97dd30 VMThread "VM Thread" [stack: 0x00000006edc00000,0x00000006edd00000] [id=3040]
  0x000001fc7ef34b70 WatcherThread [stack: 0x00000006ee700000,0x00000006ee800000] [id=7216]
  0x000001fc61385450 GCTaskThread "GC Thread#0" [stack: 0x00000006ed700000,0x00000006ed800000] [id=10332]
  0x000001fc0a464fa0 GCTaskThread "GC Thread#1" [stack: 0x00000006eea00000,0x00000006eeb00000] [id=8988]
  0x000001fc0a465260 GCTaskThread "GC Thread#2" [stack: 0x00000006eeb00000,0x00000006eec00000] [id=6880]
  0x000001fc0a465520 GCTaskThread "GC Thread#3" [stack: 0x00000006eec00000,0x00000006eed00000] [id=8492]
  0x000001fc0a46cee0 GCTaskThread "GC Thread#4" [stack: 0x00000006eed00000,0x00000006eee00000] [id=10832]
  0x000001fc0a46d1a0 GCTaskThread "GC Thread#5" [stack: 0x00000006eee00000,0x00000006eef00000] [id=11620]
  0x000001fc0a46d460 GCTaskThread "GC Thread#6" [stack: 0x00000006eef00000,0x00000006ef000000] [id=6824]
  0x000001fc0a4ab030 GCTaskThread "GC Thread#7" [stack: 0x00000006ef000000,0x00000006ef100000] [id=13252]
  0x000001fc0a4ab2f0 GCTaskThread "GC Thread#8" [stack: 0x00000006ef100000,0x00000006ef200000] [id=12664]
  0x000001fc0c446d30 GCTaskThread "GC Thread#9" [stack: 0x00000006ef500000,0x00000006ef600000] [id=10396]
  0x000001fc613921e0 ConcurrentGCThread "G1 Main Marker" [stack: 0x00000006ed800000,0x00000006ed900000] [id=10732]
  0x000001fc61392c00 ConcurrentGCThread "G1 Conc#0" [stack: 0x00000006ed900000,0x00000006eda00000] [id=3196]
  0x000001fc0abb0260 ConcurrentGCThread "G1 Conc#1" [stack: 0x00000006ef200000,0x00000006ef300000] [id=12768]
  0x000001fc0abb7220 ConcurrentGCThread "G1 Conc#2" [stack: 0x00000006ef300000,0x00000006ef400000] [id=5052]
  0x000001fc7e860f50 ConcurrentGCThread "G1 Refine#0" [stack: 0x00000006eda00000,0x00000006edb00000] [id=12460]
  0x000001fc0c5d2450 ConcurrentGCThread "G1 Refine#1" [stack: 0x00000006ee900000,0x00000006eea00000] [id=10528]
  0x000001fc7e862990 ConcurrentGCThread "G1 Service" [stack: 0x00000006edb00000,0x00000006edc00000] [id=12516]

Threads with active compile tasks:
C2 CompilerThread0     6214 6008       4       org.jetbrains.kotlin.cli.jvm.index.JvmDependenciesIndexImpl::travelPath (157 bytes)
C1 CompilerThread0     6214 6147       3       org.jetbrains.kotlin.load.kotlin.AbstractBinaryClassAnnotationAndConstantLoader$loadAnnotationsAndInitializers$1::visitMethod (41 bytes)
C2 CompilerThread1     6214 6000       4       org.jetbrains.kotlin.cli.jvm.index.JvmDependenciesIndexImpl::search (386 bytes)
C2 CompilerThread2     6215 5777       4       org.jetbrains.org.objectweb.asm.ClassReader::readMethod (1061 bytes)

VM state: at safepoint (normal execution)

VM Mutex/Monitor currently owned by a thread:  ([mutex/lock_event])
[0x000001fc612f8080] Threads_lock - owner thread: 0x000001fc7e97dd30
[0x000001fc612f8110] Heap_lock - owner thread: 0x000001fc612fb8a0

Heap address: 0x0000000482400000, size: 6088 MB, Compressed Oops mode: Zero based, Oop shift amount: 3

CDS archive(s) not mapped
Compressed class space mapped at: 0x00000005ff000000-0x000000063f000000, reserved size: 1073741824
Narrow klass base: 0x0000000000000000, Narrow klass shift: 3, Narrow klass range: 0x63f000000

GC Precious Log:
 CPUs: 12 total, 12 available
 Memory: 24339M
 Large Page Support: Disabled
 NUMA Support: Disabled
 Compressed Oops: Enabled (Zero based)
 Heap Region Size: 4M
 Heap Min Capacity: 8M
 Heap Initial Capacity: 384M
 Heap Max Capacity: 6088M
 Pre-touch: Disabled
 Parallel Workers: 10
 Concurrent Workers: 3
 Concurrent Refinement Workers: 10
 Periodic GC: Disabled

Heap:
 garbage-first heap   total 110592K, used 77413K [0x0000000482400000, 0x00000005fec00000)
  region size 4096K, 9 young (36864K), 1 survivors (4096K)
 Metaspace       used 58652K, committed 58880K, reserved 1114112K
  class space    used 7043K, committed 7168K, reserved 1048576K

Heap Regions: E=young(eden), S=young(survivor), O=old, HS=humongous(starts), HC=humongous(continues), CS=collection set, F=free, OA=open archive, CA=closed archive, TAMS=top-at-mark-start (previous, next)
|   0|0x0000000482400000, 0x0000000482800000, 0x0000000482800000|100%|HS|  |TAMS 0x0000000482800000, 0x0000000482400000| Complete 
|   1|0x0000000482800000, 0x0000000482c00000, 0x0000000482c00000|100%| O|  |TAMS 0x0000000482889800, 0x0000000482800000| Untracked 
|   2|0x0000000482c00000, 0x0000000483000000, 0x0000000483000000|100%| O|  |TAMS 0x0000000483000000, 0x0000000482c00000| Untracked 
|   3|0x0000000483000000, 0x0000000483400000, 0x0000000483400000|100%| O|  |TAMS 0x0000000483400000, 0x0000000483000000| Untracked 
|   4|0x0000000483400000, 0x0000000483800000, 0x0000000483800000|100%| O|  |TAMS 0x0000000483800000, 0x0000000483400000| Untracked 
|   5|0x0000000483800000, 0x0000000483c00000, 0x0000000483c00000|100%| O|  |TAMS 0x0000000483800000, 0x0000000483800000| Untracked 
|   6|0x0000000483c00000, 0x0000000484000000, 0x0000000484000000|100%| O|  |TAMS 0x0000000483c00000, 0x0000000483c00000| Untracked 
|   7|0x0000000484000000, 0x0000000484400000, 0x0000000484400000|100%| O|  |TAMS 0x0000000484000000, 0x0000000484000000| Untracked 
|   8|0x0000000484400000, 0x00000004846f4660, 0x0000000484800000| 73%| O|  |TAMS 0x0000000484400000, 0x0000000484400000| Untracked 
|   9|0x0000000484800000, 0x0000000484800000, 0x0000000484c00000|  0%| F|  |TAMS 0x0000000484800000, 0x0000000484800000| Untracked 
|  10|0x0000000484c00000, 0x0000000485000000, 0x0000000485000000|100%| O|  |TAMS 0x0000000484c00000, 0x0000000484c00000| Untracked 
|  11|0x0000000485000000, 0x0000000485400000, 0x0000000485400000|100%| O|  |TAMS 0x0000000485000000, 0x0000000485000000| Untracked 
|  12|0x0000000485400000, 0x0000000485400000, 0x0000000485800000|  0%| F|  |TAMS 0x0000000485400000, 0x0000000485400000| Untracked 
|  13|0x0000000485800000, 0x0000000485800000, 0x0000000485c00000|  0%| F|  |TAMS 0x0000000485800000, 0x0000000485800000| Untracked 
|  14|0x0000000485c00000, 0x0000000485c00000, 0x0000000486000000|  0%| F|  |TAMS 0x0000000485c00000, 0x0000000485c00000| Untracked 
|  15|0x0000000486000000, 0x00000004860862a8, 0x0000000486400000| 13%| S|  |TAMS 0x0000000486000000, 0x0000000486000000| Complete 
|  16|0x0000000486400000, 0x00000004865b21c0, 0x0000000486800000| 42%| E|CS|TAMS 0x0000000486400000, 0x0000000486400000| Complete 
|  17|0x0000000486800000, 0x0000000486c00000, 0x0000000486c00000|100%| E|CS|TAMS 0x0000000486800000, 0x0000000486800000| Complete 
|  18|0x0000000486c00000, 0x0000000487000000, 0x0000000487000000|100%| S|  |TAMS 0x0000000486c00000, 0x0000000486c00000| Complete 
|  19|0x0000000487000000, 0x0000000487400000, 0x0000000487400000|100%| E|CS|TAMS 0x0000000487000000, 0x0000000487000000| Complete 
|  20|0x0000000487400000, 0x0000000487800000, 0x0000000487800000|100%| E|CS|TAMS 0x0000000487400000, 0x0000000487400000| Complete 
|  21|0x0000000487800000, 0x0000000487c00000, 0x0000000487c00000|100%| E|CS|TAMS 0x0000000487800000, 0x0000000487800000| Complete 
|  22|0x0000000487c00000, 0x0000000488000000, 0x0000000488000000|100%| E|CS|TAMS 0x0000000487c00000, 0x0000000487c00000| Complete 
|  23|0x0000000488000000, 0x0000000488400000, 0x0000000488400000|100%| E|CS|TAMS 0x0000000488000000, 0x0000000488000000| Complete 
|  24|0x0000000488400000, 0x0000000488800000, 0x0000000488800000|100%| E|CS|TAMS 0x0000000488400000, 0x0000000488400000| Complete 
|  25|0x0000000488800000, 0x0000000488c00000, 0x0000000488c00000|100%| E|CS|TAMS 0x0000000488800000, 0x0000000488800000| Complete 
|  95|0x000000049a000000, 0x000000049a400000, 0x000000049a400000|100%| E|CS|TAMS 0x000000049a000000, 0x000000049a000000| Complete 

Card table byte_map: [0x000001fc74910000,0x000001fc75500000] _byte_map_base: 0x000001fc724fe000

Marking Bits (Prev, Next): (CMBitMap*) 0x000001fc61385a70, (CMBitMap*) 0x000001fc61385ab0
 Prev Bits: [0x000001fc760f0000, 0x000001fc7c010000)
 Next Bits: [0x000001fc00000000, 0x000001fc05f20000)

Polling page: 0x000001fc5f230000

Metaspace:

Usage:
  Non-class:     50.40 MB used.
      Class:      6.88 MB used.
       Both:     57.28 MB used.

Virtual space:
  Non-class space:       64.00 MB reserved,      50.50 MB ( 79%) committed,  1 nodes.
      Class space:        1.00 GB reserved,       7.00 MB ( <1%) committed,  1 nodes.
             Both:        1.06 GB reserved,      57.50 MB (  5%) committed. 

Chunk freelists:
   Non-Class:  12.70 MB
       Class:  9.00 MB
        Both:  21.70 MB

MaxMetaspaceSize: unlimited
CompressedClassSpaceSize: 1.00 GB
Initial GC threshold: 21.00 MB
Current GC threshold: 59.06 MB
CDS: off
MetaspaceReclaimPolicy: balanced
 - commit_granule_bytes: 65536.
 - commit_granule_words: 8192.
 - virtual_space_node_default_size: 8388608.
 - enlarge_chunks_in_place: 1.
 - new_chunks_are_fully_committed: 0.
 - uncommit_free_chunks: 1.
 - use_allocation_guard: 0.
 - handle_deallocations: 1.


Internal statistics:

num_allocs_failed_limit: 6.
num_arena_births: 228.
num_arena_deaths: 0.
num_vsnodes_births: 2.
num_vsnodes_deaths: 0.
num_space_committed: 918.
num_space_uncommitted: 0.
num_chunks_returned_to_freelist: 6.
num_chunks_taken_from_freelist: 2003.
num_chunk_merges: 6.
num_chunk_splits: 1658.
num_chunks_enlarged: 1485.
num_inconsistent_stats: 0.

CodeHeap 'non-profiled nmethods': size=120000Kb used=2589Kb max_used=3039Kb free=117410Kb
 bounds [0x000001fc6c2a0000, 0x000001fc6c5a0000, 0x000001fc737d0000]
CodeHeap 'profiled nmethods': size=120000Kb used=12084Kb max_used=14150Kb free=107915Kb
 bounds [0x000001fc647d0000, 0x000001fc655b0000, 0x000001fc6bd00000]
CodeHeap 'non-nmethods': size=5760Kb used=1298Kb max_used=1377Kb free=4461Kb
 bounds [0x000001fc6bd00000, 0x000001fc6bf70000, 0x000001fc6c2a0000]
 total_blobs=5849 nmethods=5246 adapters=514
 compilation: enabled
              stopped_count=0, restarted_count=0
 full_count=0

Compilation events (20 events):
Event: 6.135 Thread 0x000001fc7edc8d80 6080       3       org.jetbrains.kotlin.types.KotlinType::computeHashCode (53 bytes)
Event: 6.135 Thread 0x000001fc7edc8d80 nmethod 6080 0x000001fc64874b10 code [0x000001fc64874d20, 0x000001fc64875308]
Event: 6.136 Thread 0x000001fc7edc8d80 6081       1       org.jetbrains.kotlin.serialization.deserialization.DeserializedPackageFragmentImpl::getClassDataFinder (5 bytes)
Event: 6.136 Thread 0x000001fc7edc8d80 nmethod 6081 0x000001fc6c419f90 code [0x000001fc6c41a120, 0x000001fc6c41a1f8]
Event: 6.136 Thread 0x000001fc7edc8d80 6084       3       org.jetbrains.kotlin.serialization.deserialization.TypeDeserializer::simpleType (690 bytes)
Event: 6.147 Thread 0x000001fc7edc8d80 nmethod 6084 0x000001fc655a1810 code [0x000001fc655a2880, 0x000001fc655ac468]
Event: 6.147 Thread 0x000001fc7edc8d80 6087       3       org.jetbrains.kotlin.serialization.deserialization.TypeDeserializer::toAttributes (123 bytes)
Event: 6.149 Thread 0x000001fc7edc8d80 nmethod 6087 0x000001fc6484a410 code [0x000001fc6484a7e0, 0x000001fc6484c338]
Event: 6.149 Thread 0x000001fc7edc8d80 6085       3       org.jetbrains.kotlin.serialization.deserialization.TypeDeserializer::typeConstructor (339 bytes)
Event: 6.151 Thread 0x000001fc7edc8d80 nmethod 6085 0x000001fc64b1e610 code [0x000001fc64b1eae0, 0x000001fc64b218a8]
Event: 6.151 Thread 0x000001fc7edc8d80 6090       3       org.jetbrains.kotlin.com.intellij.util.ObjectUtils::binarySearch (78 bytes)
Event: 6.151 Thread 0x000001fc7edc8d80 nmethod 6090 0x000001fc648a9f90 code [0x000001fc648aa160, 0x000001fc648aa538]
Event: 6.151 Thread 0x000001fc7edc8d80 6089       3       org.jetbrains.kotlin.parsing.KotlinExpressionParsing::parseCallWithClosure (40 bytes)
Event: 6.152 Thread 0x000001fc7edc8d80 nmethod 6089 0x000001fc647dc510 code [0x000001fc647dc700, 0x000001fc647dcc38]
Event: 6.152 Thread 0x000001fc7edc8d80 6088       3       org.jetbrains.kotlin.types.TypeConstructorSubstitution$Companion::create (216 bytes)
Event: 6.156 Thread 0x000001fc7edc8d80 nmethod 6088 0x000001fc64e45690 code [0x000001fc64e45ce0, 0x000001fc64e49318]
Event: 6.156 Thread 0x000001fc7edc8d80 6098       2       kotlin.collections.CollectionsKt__MutableCollectionsKt::addAll (74 bytes)
Event: 6.156 Thread 0x000001fc7edc8d80 nmethod 6098 0x000001fc648a8a10 code [0x000001fc648a8c80, 0x000001fc648a9348]
Event: 6.156 Thread 0x000001fc7edc8d80 6092       3       kotlin.collections.ArraysKt___ArraysKt::zip (92 bytes)
Event: 6.158 Thread 0x000001fc7edc8d80 nmethod 6092 0x000001fc64a56c10 code [0x000001fc64a56f20, 0x000001fc64a581d8]

GC Heap History (20 events):
Event: 1.209 GC heap before
{Heap before GC invocations=1 (full 0):
 garbage-first heap   total 393216K, used 31120K [0x0000000482400000, 0x00000005fec00000)
  region size 4096K, 7 young (28672K), 1 survivors (4096K)
 Metaspace       used 17505K, committed 17600K, reserved 1114112K
  class space    used 1768K, committed 1792K, reserved 1048576K
}
Event: 1.213 GC heap after
{Heap after GC invocations=2 (full 0):
 garbage-first heap   total 393216K, used 9627K [0x0000000482400000, 0x00000005fec00000)
  region size 4096K, 1 young (4096K), 1 survivors (4096K)
 Metaspace       used 17505K, committed 17600K, reserved 1114112K
  class space    used 1768K, committed 1792K, reserved 1048576K
}
Event: 1.474 GC heap before
{Heap before GC invocations=2 (full 0):
 garbage-first heap   total 393216K, used 21915K [0x0000000482400000, 0x00000005fec00000)
  region size 4096K, 5 young (20480K), 1 survivors (4096K)
 Metaspace       used 21335K, committed 21504K, reserved 1114112K
  class space    used 2338K, committed 2432K, reserved 1048576K
}
Event: 1.477 GC heap after
{Heap after GC invocations=3 (full 0):
 garbage-first heap   total 393216K, used 10573K [0x0000000482400000, 0x00000005fec00000)
  region size 4096K, 2 young (8192K), 2 survivors (8192K)
 Metaspace       used 21335K, committed 21504K, reserved 1114112K
  class space    used 2338K, committed 2432K, reserved 1048576K
}
Event: 2.104 GC heap before
{Heap before GC invocations=4 (full 0):
 garbage-first heap   total 69632K, used 43341K [0x0000000482400000, 0x00000005fec00000)
  region size 4096K, 10 young (40960K), 2 survivors (8192K)
 Metaspace       used 30091K, committed 30336K, reserved 1114112K
  class space    used 3773K, committed 3904K, reserved 1048576K
}
Event: 2.111 GC heap after
{Heap after GC invocations=5 (full 0):
 garbage-first heap   total 69632K, used 13328K [0x0000000482400000, 0x00000005fec00000)
  region size 4096K, 2 young (8192K), 2 survivors (8192K)
 Metaspace       used 30091K, committed 30336K, reserved 1114112K
  class space    used 3773K, committed 3904K, reserved 1048576K
}
Event: 2.155 GC heap before
{Heap before GC invocations=5 (full 0):
 garbage-first heap   total 69632K, used 17424K [0x0000000482400000, 0x00000005fec00000)
  region size 4096K, 3 young (12288K), 2 survivors (8192K)
 Metaspace       used 30100K, committed 30336K, reserved 1114112K
  class space    used 3773K, committed 3904K, reserved 1048576K
}
Event: 2.167 GC heap after
{Heap after GC invocations=6 (full 0):
 garbage-first heap   total 69632K, used 14379K [0x0000000482400000, 0x00000005fec00000)
  region size 4096K, 1 young (4096K), 1 survivors (4096K)
 Metaspace       used 30100K, committed 30336K, reserved 1114112K
  class space    used 3773K, committed 3904K, reserved 1048576K
}
Event: 2.556 GC heap before
{Heap before GC invocations=6 (full 0):
 garbage-first heap   total 69632K, used 43051K [0x0000000482400000, 0x00000005fec00000)
  region size 4096K, 8 young (32768K), 1 survivors (4096K)
 Metaspace       used 34540K, committed 34752K, reserved 1114112K
  class space    used 4456K, committed 4544K, reserved 1048576K
}
Event: 2.569 GC heap after
{Heap after GC invocations=7 (full 0):
 garbage-first heap   total 69632K, used 21030K [0x0000000482400000, 0x00000005fec00000)
  region size 4096K, 1 young (4096K), 1 survivors (4096K)
 Metaspace       used 34540K, committed 34752K, reserved 1114112K
  class space    used 4456K, committed 4544K, reserved 1048576K
}
Event: 2.733 GC heap before
{Heap before GC invocations=7 (full 0):
 garbage-first heap   total 69632K, used 29222K [0x0000000482400000, 0x00000005fec00000)
  region size 4096K, 4 young (16384K), 1 survivors (4096K)
 Metaspace       used 35961K, committed 36160K, reserved 1114112K
  class space    used 4621K, committed 4736K, reserved 1048576K
}
Event: 2.743 GC heap after
{Heap after GC invocations=8 (full 0):
 garbage-first heap   total 233472K, used 23173K [0x0000000482400000, 0x00000005fec00000)
  region size 4096K, 1 young (4096K), 1 survivors (4096K)
 Metaspace       used 35961K, committed 36160K, reserved 1114112K
  class space    used 4621K, committed 4736K, reserved 1048576K
}
Event: 3.934 GC heap before
{Heap before GC invocations=9 (full 0):
 garbage-first heap   total 110592K, used 84613K [0x0000000482400000, 0x00000005fec00000)
  region size 4096K, 17 young (69632K), 1 survivors (4096K)
 Metaspace       used 48028K, committed 48320K, reserved 1114112K
  class space    used 5889K, committed 6016K, reserved 1048576K
}
Event: 3.949 GC heap after
{Heap after GC invocations=10 (full 0):
 garbage-first heap   total 110592K, used 31934K [0x0000000482400000, 0x00000005fec00000)
  region size 4096K, 3 young (12288K), 3 survivors (12288K)
 Metaspace       used 48028K, committed 48320K, reserved 1114112K
  class space    used 5889K, committed 6016K, reserved 1048576K
}
Event: 3.962 GC heap before
{Heap before GC invocations=10 (full 0):
 garbage-first heap   total 110592K, used 36030K [0x0000000482400000, 0x00000005fec00000)
  region size 4096K, 4 young (16384K), 3 survivors (12288K)
 Metaspace       used 48047K, committed 48320K, reserved 1114112K
  class space    used 5889K, committed 6016K, reserved 1048576K
}
Event: 3.978 GC heap after
{Heap after GC invocations=11 (full 0):
 garbage-first heap   total 110592K, used 34538K [0x0000000482400000, 0x00000005fec00000)
  region size 4096K, 1 young (4096K), 1 survivors (4096K)
 Metaspace       used 48047K, committed 48320K, reserved 1114112K
  class space    used 5889K, committed 6016K, reserved 1048576K
}
Event: 4.587 GC heap before
{Heap before GC invocations=11 (full 0):
 garbage-first heap   total 110592K, used 75498K [0x0000000482400000, 0x00000005fec00000)
  region size 4096K, 11 young (45056K), 1 survivors (4096K)
 Metaspace       used 51357K, committed 51584K, reserved 1114112K
  class space    used 6260K, committed 6336K, reserved 1048576K
}
Event: 4.603 GC heap after
{Heap after GC invocations=12 (full 0):
 garbage-first heap   total 110592K, used 38832K [0x0000000482400000, 0x00000005fec00000)
  region size 4096K, 2 young (8192K), 2 survivors (8192K)
 Metaspace       used 51357K, committed 51584K, reserved 1114112K
  class space    used 6260K, committed 6336K, reserved 1048576K
}
Event: 5.542 GC heap before
{Heap before GC invocations=12 (full 0):
 garbage-first heap   total 110592K, used 75696K [0x0000000482400000, 0x00000005fec00000)
  region size 4096K, 11 young (45056K), 2 survivors (8192K)
 Metaspace       used 56690K, committed 56960K, reserved 1114112K
  class space    used 6838K, committed 6976K, reserved 1048576K
}
Event: 5.564 GC heap after
{Heap after GC invocations=13 (full 0):
 garbage-first heap   total 110592K, used 44645K [0x0000000482400000, 0x00000005fec00000)
  region size 4096K, 2 young (8192K), 2 survivors (8192K)
 Metaspace       used 56690K, committed 56960K, reserved 1114112K
  class space    used 6838K, committed 6976K, reserved 1048576K
}

Dll operation events (2 events):
Event: 0.007 Loaded shared library C:\Program Files\Android\Android Studio\jbr\bin\java.dll
Event: 1.733 Loaded shared library C:\Program Files\Android\Android Studio\jbr\bin\verify.dll

Deoptimization events (20 events):
Event: 6.096 Thread 0x000001fc612fb8a0 Uncommon trap: trap_request=0xffffffc6 fr.pc=0x000001fc6c578afc relative=0x000000000000041c
Event: 6.096 Thread 0x000001fc612fb8a0 Uncommon trap: reason=bimorphic_or_optimized_type_check action=maybe_recompile pc=0x000001fc6c578afc method=org.jetbrains.kotlin.builtins.KotlinBuiltIns.isUnderKotlinPackage(Lorg/jetbrains/kotlin/descriptors/DeclarationDescriptor;)Z @ 39 c2
Event: 6.096 Thread 0x000001fc612fb8a0 DEOPT PACKING pc=0x000001fc6c578afc sp=0x00000006ed6fc0e0
Event: 6.096 Thread 0x000001fc612fb8a0 DEOPT UNPACKING pc=0x000001fc6bd5a1a3 sp=0x00000006ed6fc080 mode 2
Event: 6.096 Thread 0x000001fc612fb8a0 Uncommon trap: trap_request=0xffffffc6 fr.pc=0x000001fc6c578afc relative=0x000000000000041c
Event: 6.096 Thread 0x000001fc612fb8a0 Uncommon trap: reason=bimorphic_or_optimized_type_check action=maybe_recompile pc=0x000001fc6c578afc method=org.jetbrains.kotlin.builtins.KotlinBuiltIns.isUnderKotlinPackage(Lorg/jetbrains/kotlin/descriptors/DeclarationDescriptor;)Z @ 39 c2
Event: 6.096 Thread 0x000001fc612fb8a0 DEOPT PACKING pc=0x000001fc6c578afc sp=0x00000006ed6fc050
Event: 6.096 Thread 0x000001fc612fb8a0 DEOPT UNPACKING pc=0x000001fc6bd5a1a3 sp=0x00000006ed6fbff0 mode 2
Event: 6.096 Thread 0x000001fc612fb8a0 Uncommon trap: trap_request=0xffffffc6 fr.pc=0x000001fc6c578afc relative=0x000000000000041c
Event: 6.096 Thread 0x000001fc612fb8a0 Uncommon trap: reason=bimorphic_or_optimized_type_check action=maybe_recompile pc=0x000001fc6c578afc method=org.jetbrains.kotlin.builtins.KotlinBuiltIns.isUnderKotlinPackage(Lorg/jetbrains/kotlin/descriptors/DeclarationDescriptor;)Z @ 39 c2
Event: 6.096 Thread 0x000001fc612fb8a0 DEOPT PACKING pc=0x000001fc6c578afc sp=0x00000006ed6fbff0
Event: 6.096 Thread 0x000001fc612fb8a0 DEOPT UNPACKING pc=0x000001fc6bd5a1a3 sp=0x00000006ed6fbf90 mode 2
Event: 6.120 Thread 0x000001fc612fb8a0 Uncommon trap: trap_request=0xffffffc6 fr.pc=0x000001fc6c4e4dd0 relative=0x0000000000000130
Event: 6.120 Thread 0x000001fc612fb8a0 Uncommon trap: reason=bimorphic_or_optimized_type_check action=maybe_recompile pc=0x000001fc6c4e4dd0 method=org.jetbrains.kotlin.com.intellij.psi.impl.source.tree.CompositeElement.findChildByType(Lorg/jetbrains/kotlin/com/intellij/psi/tree/IElementType;)L
Event: 6.120 Thread 0x000001fc612fb8a0 DEOPT PACKING pc=0x000001fc6c4e4dd0 sp=0x00000006ed6fc6f0
Event: 6.120 Thread 0x000001fc612fb8a0 DEOPT UNPACKING pc=0x000001fc6bd5a1a3 sp=0x00000006ed6fc688 mode 2
Event: 6.120 Thread 0x000001fc612fb8a0 Uncommon trap: trap_request=0xffffffc6 fr.pc=0x000001fc6c4e4dd0 relative=0x0000000000000130
Event: 6.120 Thread 0x000001fc612fb8a0 Uncommon trap: reason=bimorphic_or_optimized_type_check action=maybe_recompile pc=0x000001fc6c4e4dd0 method=org.jetbrains.kotlin.com.intellij.psi.impl.source.tree.CompositeElement.findChildByType(Lorg/jetbrains/kotlin/com/intellij/psi/tree/IElementType;)L
Event: 6.120 Thread 0x000001fc612fb8a0 DEOPT PACKING pc=0x000001fc6c4e4dd0 sp=0x00000006ed6fc250
Event: 6.120 Thread 0x000001fc612fb8a0 DEOPT UNPACKING pc=0x000001fc6bd5a1a3 sp=0x00000006ed6fc1e8 mode 2

Classes unloaded (0 events):
No events

Classes redefined (0 events):
No events

Internal exceptions (20 events):
Event: 1.566 Thread 0x000001fc612fb8a0 Exception <a 'java/lang/NoSuchMethodError'{0x0000000485a7dda8}: 'void java.lang.invoke.DirectMethodHandle$Holder.invokeSpecial(java.lang.Object, java.lang.Object, java.lang.Object)'> (0x0000000485a7dda8) 
thrown [s\src\hotspot\share\interpreter\linkResolver.cpp, line 771]
Event: 1.631 Thread 0x000001fc612fb8a0 Exception <a 'java/lang/NoSuchMethodError'{0x00000004855a1640}: 'void java.lang.invoke.DirectMethodHandle$Holder.invokeStatic(java.lang.Object, java.lang.Object, java.lang.Object, java.lang.Object)'> (0x00000004855a1640) 
thrown [s\src\hotspot\share\interpreter\linkResolver.cpp, line 771]
Event: 1.700 Thread 0x000001fc612fb8a0 Exception <a 'java/lang/NoSuchMethodError'{0x000000048515d2e8}: 'void java.lang.invoke.DirectMethodHandle$Holder.invokeStaticInit(java.lang.Object, java.lang.Object)'> (0x000000048515d2e8) 
thrown [s\src\hotspot\share\interpreter\linkResolver.cpp, line 771]
Event: 1.859 Thread 0x000001fc612fb8a0 Exception <a 'java/lang/NoSuchMethodError'{0x0000000484921b00}: 'void java.lang.invoke.DirectMethodHandle$Holder.invokeVirtual(java.lang.Object, java.lang.Object)'> (0x0000000484921b00) 
thrown [s\src\hotspot\share\interpreter\linkResolver.cpp, line 771]
Event: 1.867 Thread 0x000001fc612fb8a0 Exception <a 'java/lang/NoSuchMethodError'{0x000000048496d120}: 'int java.lang.invoke.DirectMethodHandle$Holder.invokeVirtual(java.lang.Object, java.lang.Object)'> (0x000000048496d120) 
thrown [s\src\hotspot\share\interpreter\linkResolver.cpp, line 771]
Event: 1.885 Thread 0x000001fc612fb8a0 Exception <a 'java/lang/NoSuchMethodError'{0x0000000484a092d8}: 'java.lang.Object java.lang.invoke.Invokers$Holder.invokeExact_MT(java.lang.Object, java.lang.Object, java.lang.Object, java.lang.Object, java.lang.Object, java.lang.Object)'> (0x0000000484a092d8) 
thrown [s\src\hotspot\share\interpreter\linkResolver.cpp, line 771]
Event: 2.427 Thread 0x000001fc612fb8a0 Implicit null exception at 0x000001fc6c2b96f2 to 0x000001fc6c2b9d40
Event: 2.553 Thread 0x000001fc612fb8a0 Implicit null exception at 0x000001fc6c2baef2 to 0x000001fc6c2bb558
Event: 2.618 Thread 0x000001fc612fb8a0 Exception <a 'java/lang/NoSuchMethodError'{0x000000049a2bc070}: 'java.lang.Object java.lang.invoke.DirectMethodHandle$Holder.invokeVirtual(java.lang.Object, java.lang.Object, java.lang.Object)'> (0x000000049a2bc070) 
thrown [s\src\hotspot\share\interpreter\linkResolver.cpp, line 771]
Event: 3.338 Thread 0x000001fc612fb8a0 Exception <a 'java/lang/NoSuchMethodError'{0x0000000486ebd0c8}: 'java.lang.Object java.lang.invoke.DirectMethodHandle$Holder.newInvokeSpecial(java.lang.Object, java.lang.Object, int)'> (0x0000000486ebd0c8) 
thrown [s\src\hotspot\share\interpreter\linkResolver.cpp, line 771]
Event: 3.430 Thread 0x000001fc612fb8a0 Implicit null exception at 0x000001fc6c3e4dcc to 0x000001fc6c3e4eb4
Event: 3.501 Thread 0x000001fc612fb8a0 Exception <a 'java/lang/NoSuchMethodError'{0x0000000486ac83f8}: 'java.lang.Object java.lang.invoke.DirectMethodHandle$Holder.newInvokeSpecial(java.lang.Object, java.lang.Object, java.lang.Object, int)'> (0x0000000486ac83f8) 
thrown [s\src\hotspot\share\interpreter\linkResolver.cpp, line 771]
Event: 3.502 Thread 0x000001fc612fb8a0 Exception <a 'java/lang/NoSuchMethodError'{0x0000000486acca80}: 'java.lang.Object java.lang.invoke.DirectMethodHandle$Holder.invokeSpecial(java.lang.Object, java.lang.Object, java.lang.Object, java.lang.Object, int)'> (0x0000000486acca80) 
thrown [s\src\hotspot\share\interpreter\linkResolver.cpp, line 771]
Event: 3.502 Thread 0x000001fc612fb8a0 Exception <a 'java/lang/NoSuchMethodError'{0x0000000486ad08f0}: 'java.lang.Object java.lang.invoke.Invokers$Holder.linkToTargetMethod(java.lang.Object, java.lang.Object, int, java.lang.Object)'> (0x0000000486ad08f0) 
thrown [s\src\hotspot\share\interpreter\linkResolver.cpp, line 771]
Event: 4.465 Thread 0x000001fc612fb8a0 Exception <a 'java/lang/NoSuchMethodError'{0x0000000486c75c08}: 'java.lang.Object java.lang.invoke.DirectMethodHandle$Holder.newInvokeSpecial(java.lang.Object, java.lang.Object, java.lang.Object, java.lang.Object, java.lang.Object, java.lang.Object)'> (0x0000000486c75c08) 
thrown [s\src\hotspot\share\interpreter\linkResolver.cpp, line 771]
Event: 5.072 Thread 0x000001fc612fb8a0 Exception <a 'java/lang/NoSuchMethodError'{0x0000000487daee60}: 'java.lang.Object java.lang.invoke.DirectMethodHandle$Holder.invokeStatic(java.lang.Object, java.lang.Object, java.lang.Object, java.lang.Object, int)'> (0x0000000487daee60) 
thrown [s\src\hotspot\share\interpreter\linkResolver.cpp, line 771]
Event: 5.073 Thread 0x000001fc612fb8a0 Exception <a 'java/lang/NoSuchMethodError'{0x0000000487db87a8}: 'java.lang.Object java.lang.invoke.DirectMethodHandle$Holder.newInvokeSpecial(java.lang.Object, java.lang.Object, java.lang.Object, java.lang.Object, int)'> (0x0000000487db87a8) 
thrown [s\src\hotspot\share\interpreter\linkResolver.cpp, line 771]
Event: 5.073 Thread 0x000001fc612fb8a0 Exception <a 'java/lang/NoSuchMethodError'{0x0000000487dc05d0}: 'java.lang.Object java.lang.invoke.Invokers$Holder.linkToTargetMethod(java.lang.Object, java.lang.Object, java.lang.Object, int, java.lang.Object)'> (0x0000000487dc05d0) 
thrown [s\src\hotspot\share\interpreter\linkResolver.cpp, line 771]
Event: 5.316 Thread 0x000001fc612fb8a0 Exception <a 'java/lang/NoSuchMethodError'{0x000000048708b198}: 'java.lang.Object java.lang.invoke.DirectMethodHandle$Holder.invokeStaticInit(java.lang.Object, java.lang.Object, java.lang.Object)'> (0x000000048708b198) 
thrown [s\src\hotspot\share\interpreter\linkResolver.cpp, line 771]
Event: 5.886 Thread 0x000001fc612fb8a0 Implicit null exception at 0x000001fc6c56ea3c to 0x000001fc6c56f2fc

VM Operations (20 events):
Event: 5.934 Executing VM operation: HandshakeAllThreads
Event: 5.934 Executing VM operation: HandshakeAllThreads done
Event: 5.947 Executing VM operation: HandshakeAllThreads
Event: 5.947 Executing VM operation: HandshakeAllThreads done
Event: 5.990 Executing VM operation: HandshakeAllThreads
Event: 5.990 Executing VM operation: HandshakeAllThreads done
Event: 5.992 Executing VM operation: HandshakeAllThreads
Event: 5.992 Executing VM operation: HandshakeAllThreads done
Event: 5.992 Executing VM operation: HandshakeAllThreads
Event: 5.993 Executing VM operation: HandshakeAllThreads done
Event: 5.993 Executing VM operation: ICBufferFull
Event: 5.993 Executing VM operation: ICBufferFull done
Event: 6.010 Executing VM operation: HandshakeAllThreads
Event: 6.010 Executing VM operation: HandshakeAllThreads done
Event: 6.113 Executing VM operation: HandshakeAllThreads
Event: 6.113 Executing VM operation: HandshakeAllThreads done
Event: 6.120 Executing VM operation: HandshakeAllThreads
Event: 6.120 Executing VM operation: HandshakeAllThreads done
Event: 6.152 Executing VM operation: ICBufferFull
Event: 6.153 Executing VM operation: ICBufferFull done

Events (20 events):
Event: 6.129 Thread 0x000001fc7edd2bf0 flushing nmethod 0x000001fc6523a610
Event: 6.129 Thread 0x000001fc7edd2bf0 flushing nmethod 0x000001fc6523c890
Event: 6.129 Thread 0x000001fc7edd2bf0 flushing nmethod 0x000001fc6523cc90
Event: 6.129 Thread 0x000001fc7edd2bf0 flushing nmethod 0x000001fc65246810
Event: 6.129 Thread 0x000001fc7edd2bf0 flushing nmethod 0x000001fc65259210
Event: 6.129 Thread 0x000001fc7edd2bf0 flushing nmethod 0x000001fc65271f10
Event: 6.130 Thread 0x000001fc7edd2bf0 flushing nmethod 0x000001fc652f1090
Event: 6.130 Thread 0x000001fc7edd2bf0 flushing nmethod 0x000001fc65321890
Event: 6.130 Thread 0x000001fc7edd2bf0 flushing nmethod 0x000001fc65335710
Event: 6.131 Thread 0x000001fc7edd2bf0 flushing nmethod 0x000001fc653a9790
Event: 6.131 Thread 0x000001fc7edd2bf0 flushing nmethod 0x000001fc653ef990
Event: 6.131 Thread 0x000001fc7edd2bf0 flushing nmethod 0x000001fc65428890
Event: 6.131 Thread 0x000001fc7edd2bf0 flushing nmethod 0x000001fc6543aa10
Event: 6.131 Thread 0x000001fc7edd2bf0 flushing nmethod 0x000001fc65469b90
Event: 6.131 Thread 0x000001fc7edd2bf0 flushing nmethod 0x000001fc65476510
Event: 6.131 Thread 0x000001fc7edd2bf0 flushing nmethod 0x000001fc6547bf10
Event: 6.132 Thread 0x000001fc7edd2bf0 flushing nmethod 0x000001fc654f6110
Event: 6.133 Thread 0x000001fc7edd2bf0 flushing nmethod 0x000001fc6550c990
Event: 6.133 Thread 0x000001fc7edd2bf0 flushing nmethod 0x000001fc6550ec10
Event: 6.133 Thread 0x000001fc7edd2bf0 flushing nmethod 0x000001fc65533f90


Dynamic libraries:
0x00007ff758710000 - 0x00007ff75871a000 	C:\Program Files\Android\Android Studio\jbr\bin\java.exe
0x00007ffabe870000 - 0x00007ffabea87000 	C:\WINDOWS\SYSTEM32\ntdll.dll
0x00007ffabdd70000 - 0x00007ffabde34000 	C:\WINDOWS\System32\KERNEL32.DLL
0x00007ffabbed0000 - 0x00007ffabc27c000 	C:\WINDOWS\System32\KERNELBASE.dll
0x00007ffabc490000 - 0x00007ffabc5a1000 	C:\WINDOWS\System32\ucrtbase.dll
0x00007ffa90c50000 - 0x00007ffa90c67000 	C:\Program Files\Android\Android Studio\jbr\bin\jli.dll
0x00007ffab1040000 - 0x00007ffab105b000 	C:\Program Files\Android\Android Studio\jbr\bin\VCRUNTIME140.dll
0x00007ffabd5d0000 - 0x00007ffabd77e000 	C:\WINDOWS\System32\USER32.dll
0x00007ffabad70000 - 0x00007ffabb003000 	C:\WINDOWS\WinSxS\amd64_microsoft.windows.common-controls_6595b64144ccf1df_6.0.22621.3672_none_2713b9d173822955\COMCTL32.dll
0x00007ffabc460000 - 0x00007ffabc486000 	C:\WINDOWS\System32\win32u.dll
0x00007ffabdcc0000 - 0x00007ffabdd67000 	C:\WINDOWS\System32\msvcrt.dll
0x00007ffabde40000 - 0x00007ffabde69000 	C:\WINDOWS\System32\GDI32.dll
0x00007ffabbcf0000 - 0x00007ffabbe09000 	C:\WINDOWS\System32\gdi32full.dll
0x00007ffabbba0000 - 0x00007ffabbc3a000 	C:\WINDOWS\System32\msvcp_win.dll
0x00007ffabdab0000 - 0x00007ffabdae1000 	C:\WINDOWS\System32\IMM32.DLL
0x00007ffab2a90000 - 0x00007ffab2a9c000 	C:\Program Files\Android\Android Studio\jbr\bin\vcruntime140_1.dll
0x00007ffaa0b60000 - 0x00007ffaa0bed000 	C:\Program Files\Android\Android Studio\jbr\bin\msvcp140.dll
0x00007ffa67420000 - 0x00007ffa680a3000 	C:\Program Files\Android\Android Studio\jbr\bin\server\jvm.dll
0x00007ffabdf90000 - 0x00007ffabe042000 	C:\WINDOWS\System32\ADVAPI32.dll
0x00007ffabde80000 - 0x00007ffabdf2a000 	C:\WINDOWS\System32\sechost.dll
0x00007ffabbc40000 - 0x00007ffabbc68000 	C:\WINDOWS\System32\bcrypt.dll
0x00007ffabe230000 - 0x00007ffabe345000 	C:\WINDOWS\System32\RPCRT4.dll
0x00007ffabb4a0000 - 0x00007ffabb4ed000 	C:\WINDOWS\SYSTEM32\POWRPROF.dll
0x00007ffaae180000 - 0x00007ffaae189000 	C:\WINDOWS\SYSTEM32\WSOCK32.dll
0x00007ffab2a00000 - 0x00007ffab2a34000 	C:\WINDOWS\SYSTEM32\WINMM.dll
0x00007ffabd540000 - 0x00007ffabd5b1000 	C:\WINDOWS\System32\WS2_32.dll
0x00007ffab3510000 - 0x00007ffab351a000 	C:\WINDOWS\SYSTEM32\VERSION.dll
0x00007ffabb170000 - 0x00007ffabb183000 	C:\WINDOWS\SYSTEM32\UMPDC.dll
0x00007ffaba550000 - 0x00007ffaba568000 	C:\WINDOWS\SYSTEM32\kernel.appcore.dll
0x00007ffaae170000 - 0x00007ffaae17a000 	C:\Program Files\Android\Android Studio\jbr\bin\jimage.dll
0x00007ffabb4f0000 - 0x00007ffabb722000 	C:\WINDOWS\SYSTEM32\DBGHELP.DLL
0x00007ffabc5b0000 - 0x00007ffabc938000 	C:\WINDOWS\System32\combase.dll
0x00007ffabe150000 - 0x00007ffabe227000 	C:\WINDOWS\System32\OLEAUT32.dll
0x00007ffabb370000 - 0x00007ffabb3a2000 	C:\WINDOWS\SYSTEM32\dbgcore.DLL
0x00007ffabbc70000 - 0x00007ffabbceb000 	C:\WINDOWS\System32\bcryptPrimitives.dll
0x00007ffaae140000 - 0x00007ffaae165000 	C:\Program Files\Android\Android Studio\jbr\bin\java.dll
0x00007ffaadfb0000 - 0x00007ffaadfc8000 	C:\Program Files\Android\Android Studio\jbr\bin\zip.dll
0x00007ffabcb00000 - 0x00007ffabd35c000 	C:\WINDOWS\System32\SHELL32.dll
0x00007ffab90b0000 - 0x00007ffab99a7000 	C:\WINDOWS\SYSTEM32\windows.storage.dll
0x00007ffab8f70000 - 0x00007ffab90af000 	C:\WINDOWS\SYSTEM32\wintypes.dll
0x00007ffabe050000 - 0x00007ffabe144000 	C:\WINDOWS\System32\SHCORE.dll
0x00007ffabc9e0000 - 0x00007ffabca3e000 	C:\WINDOWS\System32\shlwapi.dll
0x00007ffabbad0000 - 0x00007ffabbaf1000 	C:\WINDOWS\SYSTEM32\profapi.dll
0x00007ffaadf90000 - 0x00007ffaadfa9000 	C:\Program Files\Android\Android Studio\jbr\bin\net.dll
0x00007ffab4200000 - 0x00007ffab4336000 	C:\WINDOWS\SYSTEM32\WINHTTP.dll
0x00007ffaba990000 - 0x00007ffaba9f9000 	C:\WINDOWS\system32\mswsock.dll
0x00007ffaadf70000 - 0x00007ffaadf86000 	C:\Program Files\Android\Android Studio\jbr\bin\nio.dll
0x00007ffaae130000 - 0x00007ffaae140000 	C:\Program Files\Android\Android Studio\jbr\bin\verify.dll

dbghelp: loaded successfully - version: 4.0.5 - missing functions: none
symbol engine: initialized successfully - sym options: 0x614 - pdb path: .;C:\Program Files\Android\Android Studio\jbr\bin;C:\WINDOWS\SYSTEM32;C:\WINDOWS\WinSxS\amd64_microsoft.windows.common-controls_6595b64144ccf1df_6.0.22621.3672_none_2713b9d173822955;C:\Program Files\Android\Android Studio\jbr\bin\server

VM Arguments:
java_command: org.jetbrains.kotlin.cli.jvm.K2JVMCompiler @D:\Desarrollo\2doAno-2doCuatr-Mar24-Jul24\AplicacionesMoviles\weatherapp\app\build\20240618_17043464085987204136.compiler.options
java_class_path (initial): C:\Users\famil\.gradle\caches\modules-2\files-2.1\org.jetbrains.kotlin\kotlin-compiler-embeddable\1.9.0\2c8c3a7402becca891f12739b3e9fd2dc2adbd7a\kotlin-compiler-embeddable-1.9.0.jar;C:\Users\famil\.gradle\caches\modules-2\files-2.1\org.jetbrains.kotlin\kotlin-stdlib\1.9.0\8ee15ef0c67dc83d874f412d84378d7f0eb50b63\kotlin-stdlib-1.9.0.jar;C:\Users\famil\.gradle\caches\modules-2\files-2.1\org.jetbrains.kotlin\kotlin-script-runtime\1.9.0\4b3102cbbb7e1b58d9d1adf89563f00069ffa7d1\kotlin-script-runtime-1.9.0.jar;C:\Users\famil\.gradle\caches\modules-2\files-2.1\org.jetbrains.kotlin\kotlin-reflect\1.6.10\1cbe9c92c12a94eea200d23c2bbaedaf3daf5132\kotlin-reflect-1.6.10.jar;C:\Users\famil\.gradle\caches\modules-2\files-2.1\org.jetbrains.kotlin\kotlin-daemon-embeddable\1.9.0\186543f5e28cf8d9a0290fecc2cf34301c40a65c\kotlin-daemon-embeddable-1.9.0.jar;C:\Users\famil\.gradle\caches\modules-2\files-2.1\org.jetbrains.intellij.deps\trove4j\1.0.20200330\3afb14d5f9ceb459d724e907a21145e8ff394f02\trove4j-1.0.20200330.jar;C:\Users\famil\.gradle\caches\modules-2\files-2.1\org.jetbrains.kotlin\kotlin-stdlib-common\1.9.0\cd65c21cfd1eec4d44ef09f9f52b6d9f8a720636\kotlin-stdlib-common-1.9.0.jar;C:\Users\famil\.gradle\caches\modules-2\files-2.1\org.jetbrains\annotations\13.0\919f0dfe192fb4e063e7dacadee7f8bb9a2672a9\annotations-13.0.jar
Launcher Type: SUN_STANDARD

[Global flags]
     intx CICompilerCount                          = 4                                         {product} {ergonomic}
     uint ConcGCThreads                            = 3                                         {product} {ergonomic}
     uint G1ConcRefinementThreads                  = 10                                        {product} {ergonomic}
   size_t G1HeapRegionSize                         = 4194304                                   {product} {ergonomic}
    uintx GCDrainStackTargetSize                   = 64                                        {product} {ergonomic}
   size_t InitialHeapSize                          = 402653184                                 {product} {ergonomic}
   size_t MarkStackSize                            = 4194304                                   {product} {ergonomic}
   size_t MaxHeapSize                              = 6383730688                                {product} {ergonomic}
   size_t MaxNewSize                               = 3829399552                                {product} {ergonomic}
   size_t MinHeapDeltaBytes                        = 4194304                                   {product} {ergonomic}
   size_t MinHeapSize                              = 8388608                                   {product} {ergonomic}
    uintx NonNMethodCodeHeapSize                   = 5839372                                {pd product} {ergonomic}
    uintx NonProfiledCodeHeapSize                  = 122909434                              {pd product} {ergonomic}
    uintx ProfiledCodeHeapSize                     = 122909434                              {pd product} {ergonomic}
    uintx ReservedCodeCacheSize                    = 251658240                              {pd product} {ergonomic}
     bool SegmentedCodeCache                       = true                                      {product} {ergonomic}
   size_t SoftMaxHeapSize                          = 6383730688                             {manageable} {ergonomic}
     bool UseCompressedClassPointers               = true                           {product lp64_product} {ergonomic}
     bool UseCompressedOops                        = true                           {product lp64_product} {ergonomic}
     bool UseG1GC                                  = true                                      {product} {ergonomic}
     bool UseLargePagesIndividualAllocation        = false                                  {pd product} {ergonomic}

Logging:
Log output configuration:
 #0: stdout all=warning uptime,level,tags
 #1: stderr all=off uptime,level,tags

Environment Variables:
PATH=C:\Program Files\Common Files\Oracle\Java\javapath;C:\Program Files (x86)\Common Files\Oracle\Java\javapath;C:\Windows\system32;C:\Windows;C:\Windows\System32\Wbem;C:\Windows\System32\WindowsPowerShell\v1.0\;C:\Windows\System32\OpenSSH\;C:\Program Files (x86)\NVIDIA Corporation\PhysX\Common;C:\Program Files\NVIDIA Corporation\NVIDIA NvDLISR;C:\Program Files\Microsoft SQL Server\150\Tools\Binn\;C:\Program Files\Microsoft SQL Server\Client SDK\ODBC\170\Tools\Binn\;C:\Program Files (x86)\Microsoft SQL Server\150\DTS\Binn\;C:\Program Files\Microsoft SQL Server\150\DTS\Binn\;C:\Program Files (x86)\Microsoft SQL Server\150\Tools\Binn\;C:\Program Files (x86)\Microsoft SQL Server\160\DTS\Binn\;C:\Program Files\Azure Data Studio\bin;C:\WINDOWS\system32;C:\WINDOWS;C:\WINDOWS\System32\Wbem;C:\WINDOWS\System32\WindowsPowerShell\v1.0\;C:\WINDOWS\System32\OpenSSH\;C:\Program Files\dotnet\;C:\Program Files\WireGuard\;C:\Program Files\MongoDB\Server\7.0\bin;C:\Program Files\Git\cmd;C:\Users\famil\AppData\Local\Microsoft\WindowsApps;C:\Users\famil\.dotnet\tools;C:\Program Files\Azure Data Studio\bin;C:\Users\famil\AppData\Local\Programs\Microsoft VS Code\bin;C:\Program Files\MongoDB\Server\7.0\bin;C:\Program Files\MongoDB\Server\7.0\bin\;C:\Users\famil\AppData\Local\GitHubDesktop\bin;
USERNAME=famil
OS=Windows_NT
PROCESSOR_IDENTIFIER=Intel64 Family 6 Model 141 Stepping 1, GenuineIntel
TMP=C:\Users\famil\AppData\Local\Temp
TEMP=C:\Users\famil\AppData\Local\Temp



Periodic native trim disabled

JNI global refs:
JNI global refs: 13, weak refs: 16

JNI global refs memory usage: 843, weak refs: 841

OOME stack traces (most recent first):
Classloader memory used:
Loader jdk.internal.loader.ClassLoaders$AppClassLoader                                 : 5953K
Loader bootstrap                                                                       : 1323K
Loader java.net.URLClassLoader                                                         : 40891B
Loader jdk.internal.reflect.DelegatingClassLoader                                      : 12793B
Loader jdk.internal.loader.ClassLoaders$PlatformClassLoader                            : 2276B


---------------  S Y S T E M  ---------------

OS:
 Windows 11 , 64 bit Build 22621 (10.0.22621.3672)
OS uptime: 0 days 0:32 hours

CPU: total 12 (initial active 12) (6 cores per cpu, 2 threads per core) family 6 model 141 stepping 1 microcode 0x3c, cx8, cmov, fxsr, ht, mmx, 3dnowpref, sse, sse2, sse3, ssse3, sse4.1, sse4.2, popcnt, lzcnt, tsc, tscinvbit, avx, avx2, aes, erms, clmul, bmi1, bmi2, adx, avx512f, avx512dq, avx512cd, avx512bw, avx512vl, sha, fma, vzeroupper, avx512_vpopcntdq, avx512_vpclmulqdq, avx512_vaes, avx512_vnni, clflush, clflushopt, clwb, avx512_vbmi2, avx512_vbmi
Processor Information for all 12 processors :
  Max Mhz: 2688, Current Mhz: 2688, Mhz Limit: 2688

Memory: 4k page, system-wide physical 24339M (12203M free)
TotalPageFile size 32531M (AvailPageFile size 19846M)
current process WorkingSet (physical memory assigned to process): 293M, peak: 293M
current process commit charge ("private bytes"): 468M, peak: 507M

vm_info: OpenJDK 64-Bit Server VM (17.0.10+0--11572160) for windows-amd64 JRE (17.0.10+0--11572160), built on Mar 13 2024 23:56:38 by "androidbuild" with MS VC++ 16.10 / 16.11 (VS2019)

END.
